0F2805........0F1105........C3:
  0. 00 0000 000F 0000:?qaxClearCachedSystemLogicalDpi@@YAXXZ (REF 0003: __xmm@bff0000000000000bff0000000000000)
40:
  534883EC:
    20:
      488BD9488BCAE8........488BD0488BCB4883C4205BE9:
        0. 00 0000 0021 0000:?qaxHrgnFromQRegion@@YAPEAUHRGN__@@AEBVQRegion@@PEBVQWidget@@@Z
      4C8B4228488BD9418B40:
        1489442430418B40184C8D4424308944:
          0. 03 121C 0030 0000:?qaxNativeWidgetPosition@@YA?AVQPoint@@PEBVQWidget@@@Z
        1C412B4014FFC089442430418B402041:
          0. 0F D199 003C 0000:?qaxNativeWidgetSize@@YA?AVQSize@@PEBVQWidget@@@Z
      B800400000488BD96685010F8439010000440FB701B808600000:
        0. A0 D23C 015C 0000:?clearVARIANT@@YAXPEAUtagVARIANT@@@Z
    308BC2C7442420FF000000C1E810488BD9440FB6C80FB7C266C1E8:
      0. 09 A6DC 0036 0000:?OLEColorToQColor@@YA?AVQColor@@I@Z
  555357488D6C24B94881EC00010000488B05........4833C448894537488B:
    0. 29 17CA 04A3 0000:?QVariantToVoidStar@@YA_NAEBVQVariant@@PEAXAEBVQByteArray@@I@Z
48:
  83EC18:
    660F6E224C8BC1F30FE6E40F293C240F57DB660F6E7A04F20F59E2F3:
      0. 0D 89CA 00BE 0000:??D@YA?BVQSize@@AEBV0@N@Z
      1. 0D 89CA 00BE 0000:??D@YA?BVQPoint@@AEBV0@N@Z
    F20F10194C8BCA0F28C30F293C24F20F5C05........F20F1079080F:
      0. 0C C03C 00AF 0000:?toSize@QSizeF@@QEBA?AVQSize@@XZ
      1. 0C C03C 00AF 0000:?toPoint@QPointF@@QEBA?AVQPoint@@XZ
  895C24:
    08:
      4889:
        6C2410:
          4889742418574883EC2048635A0C488BFA48636A0848:
            0. 24 6F38 0076 0000:?dealloc@?$QList@VQVariant@@@@AEAAXPEAUData@QListData@@@Z
          565741564883EC20488BDA488BF933D233C94533C945:
            0. 04 9727 00E5 0000:?qaxHrgnFromQRegion@@YAPEAUHRGN__@@AEBVQRegion@@PEBVQWindow@@@Z
        7424:
          10574883EC:
            2048635A0C488BFA486372084883C3024883:
              0. 39 2E5A 0079 0000:?dealloc@?$QList@VQString@@@@AEAAXPEAUData@QListData@@@Z
              1. 39 F195 0079 0000:?dealloc@?$QList@VQByteArray@@@@AEAAXPEAUData@QListData@@@Z
            30488BF10F297C2420498BC9498BF8488BDA:
              0. 01 3E9B 00F3 0000:?qaxMapLogHiMetricsToPix@@YA?AVQSize@@AEBUtagSIZE@@AEBU?$QPair@NN@@PEBVQWindow@@@Z
          1848897C242055488BEC4883EC60488B05........4833:
            0. 07 DBC8 00D1 0000:?qaxNativeWidgetRect@@YA?AUtagRECT@@PEBVQWidget@@@Z
      574883EC:
        20:
          488B:
            D9488BFA488BCAE8........83F84A7515488BCF:
              0. 01 3E9B 0082 0000:?metaType@?$QVariantValueHelper@VQCursor@@@QtPrivate@@SA?AVQCursor@@AEBVQVariant@@@Z
            F9E8........488BD84885C0751C488BCFE8:
              0. 00 0000 00A9 0000:?hwndForWidget@@YAPEAUHWND__@@PEAVQWidget@@@Z
          4C8B01488BF9496340084983C010498D1CC0E8:
            0. 00 0000 0094 0000:?detach_helper@?$QList@VQByteArray@@@@AEAAXH@Z
        30:
          0F57C00F29742420660F2F05........488BF9765233:
            0. 03 A4E8 008F (l)0000:?systemLogicalDpi@@YA?AU?$QPair@NN@@XZ
          488BD9488BFA488BCAE8........83F8407515488BCF:
            0. 01 3E9B 007E 0000:?metaType@?$QVariantValueHelper@VQFont@@@QtPrivate@@SA?AVQFont@@AEBVQVariant@@@Z
        40488BD9488BFA488BCAE8........83F8417515488BCF:
          0. 01 3E9B 007E 0000:?metaType@?$QVariantValueHelper@VQPixmap@@@QtPrivate@@SA?AVQPixmap@@AEBVQVariant@@@Z
    10574883EC30488B:
      D90F297C2420498BC8488BFAE8........660F6E:
        0. 0F E5E9 00F6 0000:?qaxMapPixToLogHiMetrics@@YA?AUtagSIZE@@AEBVQSize@@AEBU?$QPair@NN@@PEBVQWindow@@@Z
      F9498BD8488BCAE8........488BC8E8:
        0. 04 3297 00BB 0000:?qaxToNativeSize@@YA?AVQSize@@PEBVQWidget@@AEBV1@@Z (006C: 59)
        1. 04 3297 00BB 0000:?qaxFromNativeSize@@YA?AVQSize@@PEBVQWidget@@AEBV1@@Z (006C: 5E) (REF 00A3: ?toSize@QSizeF@@QEBA?AVQSize@@XZ)
        2. 04 3297 00BB 0000:?qaxFromNativePosition@@YA?AVQPoint@@PEBVQWidget@@AEBV1@@Z (006C: 5E) (REF 00A3: ?toPoint@QPointF@@QEBA?AVQPoint@@XZ)
    18:
      55:
        565741564157488BEC4883EC408B1A488BF98B7204498BC8448B:
          0. 27 D958 015B 0000:?qaxFromNativeRect@@YA?AVQRect@@AEBUtagRECT@@PEBVQWidget@@@Z
        574156488BEC4883EC40836520004C8D35........8365200048:
          0. 4C DB2D 0128 0000:?qaxTypeInfoName@@YA?AVQByteArray@@PEAUITypeInfo@@J@Z
      574883EC40488B05........4833C44889442430488BD9488BFA48:
        0. 03 1ABF 00AB 0000:?metaType@?$QVariantValueHelper@VQColor@@@QtPrivate@@SA?AVQColor@@AEBVQVariant@@@Z
    2055565741564157488DAC2490F8FFFF4881EC70080000488B05:
      0. 00 0000 0242 0000:?qaxTypeInfoNames@@YA?AV?$QList@VQByteArray@@@@PEAUITypeInfo@@J@Z
  8BC4488958084889:
    681048897018574883EC50803D........00498BF00F29:
      0. 0F 2AFA 00BB 0000:?qaxMapLogHiMetricsToPix@@YA?AVQSize@@AEBUtagSIZE@@PEBVQWidget@@@Z
    70:
      10:
        488978185541564157488BEC4883EC60803D:
          0. 00 0000 011F 0000:?toNativeLocalRegion@QHighDpi@@YA?AVQRegion@@AEBV2@PEBVQWindow@@@Z
        574883EC50803D........00488BFA0F2970E8488B:
          0. 08 2501 00A9 0000:?qaxMapPixToLogHiMetrics@@YA?AUtagSIZE@@AEBVQSize@@PEBVQWidget@@@Z
      184889782089501041564883EC20488B11488BD94963:
        0. 16 833F 0126 0000:?detach_helper_grow@?$QList@VQByteArray@@@@AEAAPEAUNode@1@HH@Z
