40:
  534883EC:
    20:
      41B970020000488BD9443909753F4C8D4108418B50FC4133104D:
        0. 3C E27A 009E 0000:??R?$mersenne_twister@I$0CA@$0CHA@$0BIN@$0BP@$0JJAILANP@$0L@$06$0JNCMFGIA@$0P@$0OPMGAAAA@$0BC@@std@@QEAAIXZ
      488B:
        09488BDA4883C128E8........488BC34883C4205BC3:
          0. 00 0000 001E 0000:?keys@QOAuth1Signature@@QEBA?AV?$QList@VQString@@@@XZ
        114885D2742983C8FFF00FC10283F801751D488B194885DB:
          0. 06 5723 003D 0000:??1QOAuth1Signature@@QEAA@XZ
        4108488BDA4883623800488B88100100004885C97409488B:
          0. 10 9D77 0030 0000:?modifyParametersFunction@QAbstractOAuth@@QEBA?AV?$function@$$A6AXW4Stage@QAbstractOAuth@@PEAV?$QMap@VQString@@VQVariant@@@@@Z@std@@XZ
        D9:
          48:
            8B:
              490883390074118339FF741E83C8FFF00FC10183F8:
                0. 11 A4AF 0065 0000:??1?$QPair@VQString@@V1@@@QEAA@XZ
              4B1883390074118339FF741E83C8FFF00FC10183F8:
                0. 11 3E11 007E 0000:?destroySubTree@?$QMapNode@VQByteArray@@V1@@@QEAAXXZ
                1. 11 E1DE 005B 0000:?destroySubTree@?$QMapNode@VQString@@VQVariant@@@@QEAAXXZ
              89700100004885C9741D83C8FFF00FC10183F80175:
                0. 0E BA65 007D 0000:??1QOAuth2AuthorizationCodeFlowPrivate@@UEAA@XZ
            8D:
              4B20E8........488B4B084885C97405E8:
                0. 0F 5128 002F 0000:?destroySubTree@?$QMapNode@PEAVQTcpSocket@@UQHttpRequest@QOAuthHttpServerReplyHandlerPrivate@@@@QEAAXXZ
              4C2430E8........488B13488D4C2430488B442430:
                0. 09 3D05 0036 0000:??4QOAuth1Signature@@QEAAAEAV0@$$QEAV0@@Z
          B208488D4C2430E8........488BD0488BCBE8:
            0. 2A A671 0057 0000:?generateRandomState@QAbstractOAuth2Private@@SA?AVQString@@XZ
          E8........:
            48:
              8BC34883C4205BC3:
                0. 00 0000 0017 0000:?generateRandomString@QAbstractOAuth@@KA?AVQByteArray@@E@Z
              8D05........488903:
                488BC34883C4205B:
                  0. 01 EF04 0021 0000:??0QAbstractOAuthReplyHandler@@QEAA@PEAVQObject@@@Z (REF 000A: ??0QObject@@QEAA@PEAV0@@Z)
                  1. 01 EF04 0021 0000:??0QOAuthOobReplyHandler@@QEAA@PEAVQObject@@@Z (REF 000A: ??0QAbstractOAuthReplyHandler@@QEAA@PEAVQObject@@@Z)
                  2. 01 EF04 0021 0000:??0QAbstractOAuth2@@IEAA@AEAVQAbstractOAuth2Private@@PEAVQObject@@@Z (REF 000A: ??0QAbstractOAuth@@IEAA@AEAVQAbstractOAuthPrivate@@PEAVQObject@@@Z)
                  3. 01 EF04 0021 0000:??0QAbstractOAuthReplyHandler@@IEAA@AEAVQObjectPrivate@@PEAVQObject@@@Z (REF 000A: ??0QObject@@IEAA@AEAVQObjectPrivate@@PEAV0@@Z)
                8B05........85C0:
                  0. 0D 691B 0045 0000:??0QAbstractOAuth@@IEAA@AEAVQAbstractOAuthPrivate@@PEAVQObject@@@Z
            84C07408488BCBE8........488D4B28E8:
              0. 00 0000 0091 0000:??1QOAuthHttpServerReplyHandlerPrivate@@QEAA@XZ
        DA488B:
          1148:
            83C2:
              10488BCBE8........488BC34883C4205B:
                0. 01 EF04 0021 0000:?url@QOAuth1Signature@@QEBA?AVQUrl@@XZ
              28488BCBE8........488BC34883C4205B:
                0. 01 EF04 0021 0000:?parameters@QOAuth1Signature@@QEBA?AV?$QMap@VQString@@VQVariant@@@@XZ
            8BCB4C8D42204883C218E8........488BC348:
              0. 05 28D1 0025 0000:?plainText@QOAuth1Signature@@QEBA?AVQByteArray@@XZ
          51084881C2:
            38010000488BCBE8........488BC348:
              0. 05 28D1 0025 0000:?temporaryCredentialsUrl@QOAuth1@@QEBA?AVQUrl@@XZ
            40010000488BCBE8........488BC348:
              0. 05 28D1 0025 0000:?tokenCredentialsUrl@QOAuth1@@QEBA?AVQUrl@@XZ
            50010000488BCBE8........488BC348:
              0. 05 28D1 0025 0000:?expirationAt@QAbstractOAuth2@@QEBA?AVQDateTime@@XZ
            60010000488BCBE8........488BC348:
              0. 05 28D1 0025 0000:?accessTokenUrl@QOAuth2AuthorizationCodeFlow@@QEBA?AVQUrl@@XZ
            98000000488BCBE8........488BC348:
              0. 05 28D1 0025 0000:?authorizationUrl@QAbstractOAuth@@QEBA?AVQUrl@@XZ
            A0000000488BCBE8........488BC348:
              0. 05 28D1 0025 0000:?extraTokens@QAbstractOAuth@@QEBA?AV?$QMap@VQString@@VQVariant@@@@XZ
      4C8B:
        02488BD94C390174284C894424304D85C07409F041FF004C:
          0. 15 4BB2 0042 0000:??4QOAuth1Signature@@QEAAAEAV0@AEBV0@@Z
        C2488BD933D2E8........488D05........488903488BC3:
          0. 06 59CA 0026 0000:??0QAbstractOAuth2@@QEAA@PEAVQObject@@@Z (REF 000F: ??0QAbstractOAuth2@@QEAA@PEAVQNetworkAccessManager@@PEAVQObject@@@Z)
          1. 06 59CA 0026 0000:??0QOAuth1@@QEAA@PEAVQObject@@@Z (REF 000F: ??0QOAuth1@@QEAA@PEAVQNetworkAccessManager@@PEAVQObject@@@Z)
          2. 06 59CA 0026 0000:??0QOAuth2AuthorizationCodeFlow@@QEAA@PEAVQObject@@@Z (REF 000F: ??0QOAuth2AuthorizationCodeFlow@@QEAA@PEAVQNetworkAccessManager@@PEAVQObject@@@Z)
      65488B0425580000008B0D........BA........488B0CC88B04:
        0. 03 A183 00A5 0000:?types@?$ConnectionTypes@U?$List@W4NetworkError@QNetworkReply@@@QtPrivate@@$00@QtPrivate@@SAPEBHXZ
      B208488BD9E8........488BC34883C4205BC3:
        0. 00 0000 0019 0000:?nonce@QOAuth1@@KA?AVQByteArray@@XZ
    3085D275574585C074294183E80174144183F8010F85A800000048:
      0. 05 E5DA 00CD 0000:?qt_static_metacall@QOAuth2AuthorizationCodeFlow@@CAXPEAVQObject@@W4Call@QMetaObject@@HPEAPEAX@Z
    40:
      488BDA:
        8B914801000085D20F848B00000083EA01744A83FA0174:
          0. 09 4400 00B5 0000:?signatureMethodString@QOAuth1Private@@QEBA?AVQString@@XZ
        E8........F64012017435E8........0F57C0488D15:
          0. 00 0000 005C 0000:?rsaSha1@QOAuth1Signature@@QEBA?AVQByteArray@@XZ
      8B8148010000488BDA85C0744E83F802743F8364242400488D05:
        0. 00 0000 00B0 0000:?formatSignature@QOAuth1Private@@QEBA?AVQByteArray@@AEBVQOAuth1Signature@@@Z
    70488B05........4833C44889442460488364245800488BD9488B:
      0. 1F 3C59 0075 0000:??4?$function@$$A6AXW4Stage@QAbstractOAuth@@PEAV?$QMap@VQString@@VQVariant@@@@@Z@std@@QEAAAEAV01@AEBV01@@Z
  5553:
    4156488BEC4883EC20488B02488B5910488945288B08FFC183F9017603:
      0. 1B 07E7 00F0 0000:?setCallbackPath@QOAuthHttpServerReplyHandler@@QEAAXAEBVQString@@@Z
    56:
      4154415541564157488D6C24D94881ECF0000000488D35........41:
        0. 45 2C70 0456 0000:?signatureBaseString@QOAuth1SignaturePrivate@@QEBA?AVQByteArray@@XZ
      488D6C24B94881ECD0000000488BD9488B490848894D674881C13801:
        0. 03 8AAD 026F 0000:?grant@QOAuth1@@UEAAXXZ
      5741:
        5441:
          554156415748:
            8BEC4883EC684C8BF94C8BE2488D0D:
              0. 00 0000 030F 0000:?parameterString@QOAuth1SignaturePrivate@@SA?AVQByteArray@@AEBV?$QMap@VQString@@VQVariant@@@@@Z
            8DAC2478FFFFFF4881EC88010000488B4108:
              0. 0E 866B 0547 0000:?_q_accessTokenRequestFinished@QOAuth2AuthorizationCodeFlowPrivate@@QEAAXAEBV?$QMap@VQString@@VQVariant@@@@@Z
          564157488BEC4883EC70836548004D8BF0488BF24C8BF949:
            0. 0D 13F6 025D 0000:?createRequest@QAbstractOAuth2Private@@QEAA?AVQNetworkRequest@@VQUrl@@PEBV?$QMap@VQString@@VQVariant@@@@@Z
        5541564157488BEC4883EC:
          304C8D2D........488BDA4C892A4C:
            0. 1B A8D8 017F 0000:?secret@QOAuth1SignaturePrivate@@QEBA?AVQByteArray@@XZ
          40488B024C8BF1488BCA488BFAFF90:
            0. 26 E560 0216 0000:?readHeader@QHttpRequest@QOAuthHttpServerReplyHandlerPrivate@@QEAA_NPEAVQTcpSocket@@@Z
        56:
          415748:
            8BEC4883EC28488BDA488D05........488BF9488945:
              0. 0F 2BAE 0107 0000:?hmacSha1@QOAuth1Signature@@QEBA?AVQByteArray@@XZ
            8D6C24D14881ECC8000000488BF9488D05........48:
              0. 0A DAB8 0240 0000:?createOAuthBaseParams@QOAuth1Private@@QEBA?AV?$QMap@VQString@@VQVariant@@@@XZ
          48:
            8BEC4883EC:
              30488D05........488BD9488D4DF048894540:
                0. 05 5762 00FE 0000:?encodeHeaders@QOAuth1SignaturePrivate@@SA?AVQByteArray@@AEBV?$QMap@VQString@@VQVariant@@@@@Z
              40488B5910BE20000000488D0D........6689:
                0. 06 C3CE 0135 0000:?callback@QOAuthHttpServerReplyHandler@@UEBA?AVQString@@XZ
              70488BF1488B09488B590883FA010F85960100:
                0. 0C 794E 0243 (l)0000:??R<lambda_3c6235f71daa45d2f1f7852dc81f4774>@@QEBAXW4Status@QAbstractOAuth@@@Z (l)0243:$LN174
            8D6C24C94881ECB0000000488BF9488BDA488D4DAFE8:
              0. 00 0000 0206 0000:?appendCommonHeaders@QOAuth1Private@@QEAAXPEAV?$QMap@VQString@@VQVariant@@@@@Z
    57:
      4154415541564157488D6C24B04881EC50010000488B59084533ED4C:
        0. 2F 8CA3 05DD 0000:?refreshAccessToken@QOAuth2AuthorizationCodeFlow@@QEAAXXZ (l)05DD:$LN414
      488BEC4883EC50488B5908488D05........488BF948894520488D4D:
        0. 02 0918 0105 0000:?continueGrantWithVerifier@QOAuth1@@QEAAXAEBVQString@@@Z
4533:
  C0E9:
    0. 00 0000 0008 0000:??$?YV?$QStringBuilder@VQByteArray@@D@@VQByteArray@@@@YAAEAVQByteArray@@AEAV0@AEBV?$QStringBuilder@V?$QStringBuilder@VQByteArray@@D@@VQByteArray@@@@@Z (REF 0004: ??$appendToByteArray@V?$QStringBuilder@VQByteArray@@D@@VQByteArray@@@QtStringBuilder@@YAAEAVQByteArray@@AEAV1@AEBV?$QStringBuilder@V?$QStringBuilder@VQByteArray@@D@@VQByteArray@@@@D@Z)
  C9488D15........458D4108E9:
    0. 00 0000 0013 0000:?granted@QAbstractOAuth@@QEAAXXZ
48:
  83EC:
    28:
      48:
        8B:
          0D........83390074188339FF742183C8FFF00FC10183F80175:
            0. 04 1D22 003B (l)0000:??__F?accessToken@OAuth2KeyString@QAbstractOAuth2Private@@2VQString@@B@@YAXXZ (REF 0007: ?accessToken@OAuth2KeyString@QAbstractOAuth2Private@@2VQString@@B)
            1. 04 1D22 003B (l)0000:??__F?apiKey@OAuth2KeyString@QAbstractOAuth2Private@@2VQString@@B@@YAXXZ (REF 0007: ?apiKey@OAuth2KeyString@QAbstractOAuth2Private@@2VQString@@B)
            2. 04 1D22 003B (l)0000:??__F?clientIdentifier@OAuth2KeyString@QAbstractOAuth2Private@@2VQString@@B@@YAXXZ (REF 0007: ?clientIdentifier@OAuth2KeyString@QAbstractOAuth2Private@@2VQString@@B)
            3. 04 1D22 003B (l)0000:??__F?clientSharedSecret@OAuth2KeyString@QAbstractOAuth2Private@@2VQString@@B@@YAXXZ (REF 0007: ?clientSharedSecret@OAuth2KeyString@QAbstractOAuth2Private@@2VQString@@B)
            4. 04 1D22 003B (l)0000:??__F?code@OAuth2KeyString@QAbstractOAuth2Private@@2VQString@@B@@YAXXZ (REF 0007: ?code@OAuth2KeyString@QAbstractOAuth2Private@@2VQString@@B)
            5. 04 1D22 003B (l)0000:??__F?error@OAuth2KeyString@QAbstractOAuth2Private@@2VQString@@B@@YAXXZ (REF 0007: ?error@OAuth2KeyString@QAbstractOAuth2Private@@2VQString@@B)
            6. 04 1D22 003B (l)0000:??__F?errorDescription@OAuth2KeyString@QAbstractOAuth2Private@@2VQString@@B@@YAXXZ (REF 0007: ?errorDescription@OAuth2KeyString@QAbstractOAuth2Private@@2VQString@@B)
            7. 04 1D22 003B (l)0000:??__F?errorUri@OAuth2KeyString@QAbstractOAuth2Private@@2VQString@@B@@YAXXZ (REF 0007: ?errorUri@OAuth2KeyString@QAbstractOAuth2Private@@2VQString@@B)
            8. 04 1D22 003B (l)0000:??__F?expiresIn@OAuth2KeyString@QAbstractOAuth2Private@@2VQString@@B@@YAXXZ (REF 0007: ?expiresIn@OAuth2KeyString@QAbstractOAuth2Private@@2VQString@@B)
            9. 04 1D22 003B (l)0000:??__F?grantType@OAuth2KeyString@QAbstractOAuth2Private@@2VQString@@B@@YAXXZ (REF 0007: ?grantType@OAuth2KeyString@QAbstractOAuth2Private@@2VQString@@B)
            10. 04 1D22 003B (l)0000:??__F?redirectUri@OAuth2KeyString@QAbstractOAuth2Private@@2VQString@@B@@YAXXZ (REF 0007: ?redirectUri@OAuth2KeyString@QAbstractOAuth2Private@@2VQString@@B)
            11. 04 1D22 003B (l)0000:??__F?refreshToken@OAuth2KeyString@QAbstractOAuth2Private@@2VQString@@B@@YAXXZ (REF 0007: ?refreshToken@OAuth2KeyString@QAbstractOAuth2Private@@2VQString@@B)
            12. 04 1D22 003B (l)0000:??__F?responseType@OAuth2KeyString@QAbstractOAuth2Private@@2VQString@@B@@YAXXZ (REF 0007: ?responseType@OAuth2KeyString@QAbstractOAuth2Private@@2VQString@@B)
            13. 04 1D22 003B (l)0000:??__F?scope@OAuth2KeyString@QAbstractOAuth2Private@@2VQString@@B@@YAXXZ (REF 0007: ?scope@OAuth2KeyString@QAbstractOAuth2Private@@2VQString@@B)
            14. 04 1D22 003B (l)0000:??__F?state@OAuth2KeyString@QAbstractOAuth2Private@@2VQString@@B@@YAXXZ (REF 0007: ?state@OAuth2KeyString@QAbstractOAuth2Private@@2VQString@@B)
            15. 04 1D22 003B (l)0000:??__F?tokenType@OAuth2KeyString@QAbstractOAuth2Private@@2VQString@@B@@YAXXZ (REF 0007: ?tokenType@OAuth2KeyString@QAbstractOAuth2Private@@2VQString@@B)
            16. 04 1D22 003B (l)0000:??__F?oauthCallback@OAuth1KeyString@QOAuth1Private@@2VQString@@B@@YAXXZ (REF 0007: ?oauthCallback@OAuth1KeyString@QOAuth1Private@@2VQString@@B)
            17. 04 1D22 003B (l)0000:??__F?oauthCallbackConfirmed@OAuth1KeyString@QOAuth1Private@@2VQString@@B@@YAXXZ (REF 0007: ?oauthCallbackConfirmed@OAuth1KeyString@QOAuth1Private@@2VQString@@B)
            18. 04 1D22 003B (l)0000:??__F?oauthConsumerKey@OAuth1KeyString@QOAuth1Private@@2VQString@@B@@YAXXZ (REF 0007: ?oauthConsumerKey@OAuth1KeyString@QOAuth1Private@@2VQString@@B)
            19. 04 1D22 003B (l)0000:??__F?oauthNonce@OAuth1KeyString@QOAuth1Private@@2VQString@@B@@YAXXZ (REF 0007: ?oauthNonce@OAuth1KeyString@QOAuth1Private@@2VQString@@B)
            20. 04 1D22 003B (l)0000:??__F?oauthSignature@OAuth1KeyString@QOAuth1Private@@2VQString@@B@@YAXXZ (REF 0007: ?oauthSignature@OAuth1KeyString@QOAuth1Private@@2VQString@@B)
            21. 04 1D22 003B (l)0000:??__F?oauthSignatureMethod@OAuth1KeyString@QOAuth1Private@@2VQString@@B@@YAXXZ (REF 0007: ?oauthSignatureMethod@OAuth1KeyString@QOAuth1Private@@2VQString@@B)
            22. 04 1D22 003B (l)0000:??__F?oauthTimestamp@OAuth1KeyString@QOAuth1Private@@2VQString@@B@@YAXXZ (REF 0007: ?oauthTimestamp@OAuth1KeyString@QOAuth1Private@@2VQString@@B)
            23. 04 1D22 003B (l)0000:??__F?oauthToken@OAuth1KeyString@QOAuth1Private@@2VQString@@B@@YAXXZ (REF 0007: ?oauthToken@OAuth1KeyString@QOAuth1Private@@2VQString@@B)
            24. 04 1D22 003B (l)0000:??__F?oauthTokenSecret@OAuth1KeyString@QOAuth1Private@@2VQString@@B@@YAXXZ (REF 0007: ?oauthTokenSecret@OAuth1KeyString@QOAuth1Private@@2VQString@@B)
            25. 04 1D22 003B (l)0000:??__F?oauthVerifier@OAuth1KeyString@QOAuth1Private@@2VQString@@B@@YAXXZ (REF 0007: ?oauthVerifier@OAuth1KeyString@QOAuth1Private@@2VQString@@B)
            26. 04 1D22 003B (l)0000:??__F?oauthVersion@OAuth1KeyString@QOAuth1Private@@2VQString@@B@@YAXXZ (REF 0007: ?oauthVersion@OAuth1KeyString@QOAuth1Private@@2VQString@@B)
          11833A007411833AFF741D83C8FFF00FC10283F8017511488B09:
            0. 0A A01C 0033 0000:??1QByteArray@@QEAA@XZ
          4108:
            3990:
              18010000740B899018010000E8........4883C428C3:
                0. 00 0000 0020 0000:?setContentType@QAbstractOAuth@@QEAAXW4ContentType@1@@Z
              48010000740B899048010000E8........4883C428C3:
                0. 00 0000 0020 0000:?setSignatureMethod@QOAuth1@@QEAAXW4SignatureMethod@1@@Z
            3B90A8000000740B8990A8000000E8........4883C428C3:
              0. 00 0000 0020 0000:?setStatus@QAbstractOAuth@@IEAAXW4Status@1@@Z
        8D0D........E8........488D05........488905........488D:
          0. 01 9D2B 0043 (l)0000:??__E?shared_null@QOAuth1SignaturePrivate@@2V1@A@@YAXXZ
      4C8B:
        C285C974:
          1283F901751F488B4A104883C428E9........4D85C0:
            0. 0B E501 0034 0000:?impl@?$QFunctorSlotObject@V<lambda_75382c80b81e33aeef9bbb3a2aaf3953>@@$0A@U?$List@$$V@QtPrivate@@X@QtPrivate@@CAXHPEAVQSlotObjectBase@2@PEAVQObject@@PEAPEAXPEA_N@Z
          1583F901752248:
            8B5218498B48204883C42849FF6010:
              0. 0E 9747 0037 0000:?impl@?$QFunctorSlotObject@V?$_Binder@U_Unforced@std@@P8QAbstractOAuth@@EAAXPEAVQNetworkReply@@@ZQEAVQOAuth1@@AEAPEAV4@@std@@$0A@U?$List@$$V@QtPrivate@@X@QtPrivate@@CAXHPEAVQSlotObjectBase@2@PEAVQObject@@PEAPEAXPEA_N@Z
              1. 0E 9747 0037 0000:?impl@?$QFunctorSlotObject@V?$_Binder@U_Unforced@std@@P8QAbstractOAuth@@EAAXPEAVQNetworkReply@@@ZQEAVQAbstractOAuth2@@AEAPEAV4@@std@@$0A@U?$List@$$V@QtPrivate@@X@QtPrivate@@CAXHPEAVQSlotObjectBase@2@PEAVQObject@@PEAPEAXPEA_N@Z
            8D4A10498BD14883C428E9:
              0. 0E 2B6A 0037 0000:?impl@?$QFunctorSlotObject@V<lambda_9a7b39314bafb0e7f0e18525b48ae430>@@$00U?$List@AEBV?$QMap@VQString@@VQVariant@@@@@QtPrivate@@X@QtPrivate@@CAXHPEAVQSlotObjectBase@2@PEAVQObject@@PEAPEAXPEA_N@Z
          1683F9017523488B5218498B48104883C428E9:
            0. 00 0000 0038 0000:?impl@?$QFunctorSlotObject@V<lambda_d1f2cbe006947ff2828c6b4fbab76b27>@@$0A@U?$List@$$V@QtPrivate@@X@QtPrivate@@CAXHPEAVQSlotObjectBase@2@PEAVQObject@@PEAPEAXPEA_N@Z (REF 001D: ?_q_readData@QOAuthHttpServerReplyHandlerPrivate@@AEAAXPEAVQTcpSocket@@@Z)
            1. 00 0000 0038 0000:?impl@?$QFunctorSlotObject@V<lambda_3b7ec3fa69d723811069b12934812fa8>@@$0A@U?$List@$$V@QtPrivate@@X@QtPrivate@@CAXHPEAVQSlotObjectBase@2@PEAVQObject@@PEAPEAXPEA_N@Z
            2. 00 0000 0038 0000:?impl@?$QFunctorSlotObject@V<lambda_5ff75a68544476f1d423e96f57eb1c8f>@@$0A@U?$List@$$V@QtPrivate@@X@QtPrivate@@CAXHPEAVQSlotObjectBase@2@PEAVQObject@@PEAPEAXPEA_N@Z
            3. 00 0000 0038 0000:?impl@?$QFunctorSlotObject@V<lambda_92a1f35bafa673d0180c7980ff61bae9>@@$0A@U?$List@$$V@QtPrivate@@X@QtPrivate@@CAXHPEAVQSlotObjectBase@2@PEAVQObject@@PEAPEAXPEA_N@Z
            4. 00 0000 0038 0000:?impl@?$QFunctorSlotObject@V<lambda_9f7e991474179af9ef68159d522da4bb>@@$0A@U?$List@$$V@QtPrivate@@X@QtPrivate@@CAXHPEAVQSlotObjectBase@2@PEAVQObject@@PEAPEAXPEA_N@Z
            5. 00 0000 0038 0000:?impl@?$QFunctorSlotObject@V<lambda_a9f8f15f04dbeea712193ebe9ebc4ce2>@@$0A@U?$List@$$V@QtPrivate@@X@QtPrivate@@CAXHPEAVQSlotObjectBase@2@PEAVQObject@@PEAPEAXPEA_N@Z
            6. 00 0000 0038 0000:?impl@?$QFunctorSlotObject@V<lambda_10c48f4e711e5d8723630648617530b2>@@$0A@U?$List@$$V@QtPrivate@@X@QtPrivate@@CAXHPEAVQSlotObjectBase@2@PEAVQObject@@PEAPEAXPEA_N@Z
            7. 00 0000 0038 0000:?impl@?$QFunctorSlotObject@V<lambda_4b98f2179475d539c827026efc3be7d2>@@$0A@U?$List@$$V@QtPrivate@@X@QtPrivate@@CAXHPEAVQSlotObjectBase@2@PEAVQObject@@PEAPEAXPEA_N@Z
            8. 00 0000 0038 0000:?impl@?$QFunctorSlotObject@V<lambda_70a21d481f89936358e51491f11dc3ac>@@$0A@U?$List@$$V@QtPrivate@@X@QtPrivate@@CAXHPEAVQSlotObjectBase@2@PEAVQObject@@PEAPEAXPEA_N@Z
          1883F9017525:
            488B4A10488B5218488B014883C42848:
              0. 11 CF8D 003A 0000:?impl@?$QFunctorSlotObject@V<lambda_93df4b8d60d75fbf0d2ddd7c7f891ca7>@@$0A@U?$List@$$V@QtPrivate@@X@QtPrivate@@CAXHPEAVQSlotObjectBase@2@PEAVQObject@@PEAPEAXPEA_N@Z
              1. 11 CF8D 003A 0000:?impl@?$QFunctorSlotObject@V<lambda_6185b4b37b36599e207282c23c77da90>@@$0A@U?$List@$$V@QtPrivate@@X@QtPrivate@@CAXHPEAVQSlotObjectBase@2@PEAVQObject@@PEAPEAXPEA_N@Z
              2. 11 CF8D 003A 0000:?impl@?$QFunctorSlotObject@V<lambda_15b565bb3579b1ad1a4d97c023fa2a2c>@@$0A@U?$List@$$V@QtPrivate@@X@QtPrivate@@CAXHPEAVQSlotObjectBase@2@PEAVQObject@@PEAPEAXPEA_N@Z
            498B4108488D4A108B104883C428E9:
              0. 00 0000 003A 0000:?impl@?$QFunctorSlotObject@V<lambda_3c6235f71daa45d2f1f7852dc81f4774>@@$00U?$List@W4Status@QAbstractOAuth@@@QtPrivate@@X@QtPrivate@@CAXHPEAVQSlotObjectBase@2@PEAVQObject@@PEAPEAXPEA_N@Z
        D285C974:
          2B83E901741B83F9017533488B4210493901488B4424:
            0. 24 C78E 004D 0000:?impl@?$QSlotObject@P8QObject@@EAAXXZU?$List@$$V@QtPrivate@@X@QtPrivate@@CAXHPEAVQSlotObjectBase@2@PEAVQObject@@PEAPEAXPEA_N@Z
          2F83E901741B83F9017537488B4210493901488B4424:
            0. 28 1FD4 0051 0000:?impl@?$QSlotObject@P8QAbstractOAuth2@@EAAXAEBV?$QMap@VQString@@VQVariant@@@@@ZU?$List@AEBV?$QMap@VQString@@VQVariant@@@@@QtPrivate@@X@QtPrivate@@CAXHPEAVQSlotObjectBase@2@PEAVQObject@@PEAPEAXPEA_N@Z
          3083E901741B83F9017538488B4210493901488B4424:
            0. 29 E68B 0052 0000:?impl@?$QPrivateSlotObject@P8QOAuth1Private@@EAAXAEBV?$QMap@VQString@@VQVariant@@@@@ZU?$List@AEBV?$QMap@VQString@@VQVariant@@@@@QtPrivate@@X@QtPrivate@@CAXHPEAVQSlotObjectBase@2@PEAVQObject@@PEAPEAXPEA_N@Z
            1. 29 E68B 0052 0000:?impl@?$QPrivateSlotObject@P8QOAuth2AuthorizationCodeFlowPrivate@@EAAXAEBV?$QMap@VQString@@VQVariant@@@@@ZU?$List@AEBV?$QMap@VQString@@VQVariant@@@@@QtPrivate@@X@QtPrivate@@CAXHPEAVQSlotObjectBase@2@PEAVQObject@@PEAPEAXPEA_N@Z
          3283E901741B83F901753A488B4210493901488B4424:
            0. 2B FD8D 0054 0000:?impl@?$QPrivateSlotObject@P8QOAuth1Private@@EAAXW4NetworkError@QNetworkReply@@@ZU?$List@W4NetworkError@QNetworkReply@@@QtPrivate@@X@QtPrivate@@CAXHPEAVQSlotObjectBase@2@PEAVQObject@@PEAPEAXPEA_N@Z
      4D8BD84C8BD285C9743A83E901741B83F9017542488B421049390148:
        0. 36 2CEA 005F 0000:?impl@?$QPrivateSlotObject@P8QOAuth2AuthorizationCodeFlowPrivate@@EAAXPEAVQNetworkReply@@PEAVQAuthenticator@@@ZU?$List@PEAVQNetworkReply@@PEAVQAuthenticator@@@QtPrivate@@X@QtPrivate@@CAXHPEAVQSlotObjectBase@2@PEAVQObject@@PEAPEAXPEA_N@Z
      65488B0425580000008B0D........:
        41B8........488B14C8418B04:
          0. 03 4E75 0077 0000:?loggingCategory@@YAAEBVQLoggingCategory@@XZ (REF 0023: ?$TSS0@?1??loggingCategory@@YAAEBVQLoggingCategory@@XZ@4HA)
          1. 03 4E75 0077 0000:?lcReplyHandler@@YAAEBVQLoggingCategory@@XZ (REF 0023: ?$TSS0@?1??lcReplyHandler@@YAAEBVQLoggingCategory@@XZ@4HA)
        BA........488B0CC88B040A39:
          0. 01 D5A7 0067 0000:?types@?$ConnectionTypes@U?$List@AEBV?$QMap@VQString@@VQVariant@@@@@QtPrivate@@$00@QtPrivate@@SAPEBHXZ
      8B05........85C0751A448D40014883CAFF488D0D........E8:
        0. 00 0000 002D 0000:?qt_metatype_id@?$QMetaTypeId@W4Error@QAbstractOAuth@@@@SAHXZ
    38:
      4883642420004C8D4C24204889542428:
        41B8:
          01000000488D15:
            0. 00 0000 002B 0000:?userAgentChanged@QAbstractOAuth2@@QEAAXAEBVQString@@@Z (REF 001D: ?staticMetaObject@QAbstractOAuth2@@2UQMetaObject@@B)
            1. 00 0000 002B 0000:?tokenChanged@QAbstractOAuth@@QEAAXAEBVQString@@@Z (REF 001D: ?staticMetaObject@QAbstractOAuth@@2UQMetaObject@@B)
            2. 00 0000 002B 0000:?clientSharedSecretChanged@QOAuth1@@QEAAXAEBVQString@@@Z (REF 001D: ?staticMetaObject@QOAuth1@@2UQMetaObject@@B)
            3. 00 0000 002B 0000:?tokensReceived@QAbstractOAuthReplyHandler@@QEAAXAEBV?$QMap@VQString@@VQVariant@@@@@Z (REF 001D: ?staticMetaObject@QAbstractOAuthReplyHandler@@2UQMetaObject@@B)
          02000000488D15:
            0. 00 0000 002B 0000:?responseTypeChanged@QAbstractOAuth2@@QEAAXAEBVQString@@@Z (REF 001D: ?staticMetaObject@QAbstractOAuth2@@2UQMetaObject@@B)
            1. 00 0000 002B 0000:?tokenSecretChanged@QOAuth1@@QEAAXAEBVQString@@@Z (REF 001D: ?staticMetaObject@QOAuth1@@2UQMetaObject@@B)
            2. 00 0000 002B 0000:?replyDataReceived@QAbstractOAuthReplyHandler@@QEAAXAEBVQByteArray@@@Z (REF 001D: ?staticMetaObject@QAbstractOAuthReplyHandler@@2UQMetaObject@@B)
          03000000488D15:
            0. 00 0000 002B 0000:?clientIdentifierSharedKeyChanged@QAbstractOAuth2@@QEAAXAEBVQString@@@Z (REF 001D: ?staticMetaObject@QAbstractOAuth2@@2UQMetaObject@@B)
            1. 00 0000 002B 0000:?authorizationUrlChanged@QAbstractOAuth@@QEAAXAEBVQUrl@@@Z (REF 001D: ?staticMetaObject@QAbstractOAuth@@2UQMetaObject@@B)
            2. 00 0000 002B 0000:?temporaryCredentialsUrlChanged@QOAuth1@@QEAAXAEBVQUrl@@@Z (REF 001D: ?staticMetaObject@QOAuth1@@2UQMetaObject@@B)
            3. 00 0000 002B 0000:?callbackDataReceived@QAbstractOAuthReplyHandler@@QEAAXAEBVQByteArray@@@Z (REF 001D: ?staticMetaObject@QAbstractOAuthReplyHandler@@2UQMetaObject@@B)
          04000000488D15:
            0. 00 0000 002B 0000:?extraTokensChanged@QAbstractOAuth@@QEAAXAEBV?$QMap@VQString@@VQVariant@@@@@Z (REF 001D: ?staticMetaObject@QAbstractOAuth@@2UQMetaObject@@B)
            1. 00 0000 002B 0000:?tokenCredentialsUrlChanged@QOAuth1@@QEAAXAEBVQUrl@@@Z (REF 001D: ?staticMetaObject@QOAuth1@@2UQMetaObject@@B)
            2. 00 0000 002B 0000:?stateChanged@QAbstractOAuth2@@QEAAXAEBVQString@@@Z (REF 001D: ?staticMetaObject@QAbstractOAuth2@@2UQMetaObject@@B)
          05000000488D15:
            0. 00 0000 002B 0000:?expirationAtChanged@QAbstractOAuth2@@QEAAXAEBVQDateTime@@@Z
          06000000488D15:
            0. 00 0000 002B 0000:?refreshTokenChanged@QAbstractOAuth2@@QEAAXAEBVQString@@@Z
          07000000488D15:
            0. 00 0000 002B 0000:?authorizeWithBrowser@QAbstractOAuth@@QEAAXAEBVQUrl@@@Z
          08000000488D15:
            0. 00 0000 002B 0000:?authorizationCallbackReceived@QAbstractOAuth2@@QEAAXAEBV?$QMap@VQString@@VQVariant@@@@@Z
          0A000000488D15:
            0. 00 0000 002B 0000:?replyDataReceived@QAbstractOAuth@@QEAAXAEBVQByteArray@@@Z
        4533C0488D15........E8:
          0. 00 0000 0028 0000:?callbackReceived@QAbstractOAuthReplyHandler@@QEAAXAEBV?$QMap@VQString@@VQVariant@@@@@Z (REF 001A: ?staticMetaObject@QAbstractOAuthReplyHandler@@2UQMetaObject@@B)
          1. 00 0000 0028 0000:?scopeChanged@QAbstractOAuth2@@QEAAXAEBVQString@@@Z (REF 001A: ?staticMetaObject@QAbstractOAuth2@@2UQMetaObject@@B)
          2. 00 0000 0028 0000:?clientIdentifierChanged@QAbstractOAuth@@QEAAXAEBVQString@@@Z (REF 001A: ?staticMetaObject@QAbstractOAuth@@2UQMetaObject@@B)
          3. 00 0000 0028 0000:?accessTokenUrlChanged@QOAuth2AuthorizationCodeFlow@@QEAAXAEBVQUrl@@@Z (REF 001A: ?staticMetaObject@QOAuth2AuthorizationCodeFlow@@2UQMetaObject@@B)
      85D2757F4585C074554183E80174424183E801742F4183E801741C41:
        0. 24 3BCA 00E3 0000:?qt_static_metacall@QAbstractOAuthReplyHandler@@CAXPEAVQObject@@W4Call@QMetaObject@@HPEAPEAX@Z
  85D274094885C974048B028901488BC1C3:
    0. 00 0000 0012 0000:?Construct@?$QMetaTypeFunctionHelper@W4NetworkError@QNetworkReply@@$00@QtMetaTypePrivate@@SAPEAXPEAXPEBX@Z
    1. 00 0000 0012 0000:?Construct@?$QMetaTypeFunctionHelper@W4SignatureMethod@QOAuth1@@$00@QtMetaTypePrivate@@SAPEAXPEAXPEBX@Z
    2. 00 0000 0012 0000:?Construct@?$QMetaTypeFunctionHelper@W4Error@QAbstractOAuth@@$00@QtMetaTypePrivate@@SAPEAXPEAXPEBX@Z
  89:
    11488BC14C894108C3:
      0. 00 0000 000B 0000:??$?HV?$QStringBuilder@V?$QStringBuilder@V?$QStringBuilder@VQByteArray@@V1@@@VQByteArray@@@@VQByteArray@@@@VQByteArray@@@@YA?AV?$QStringBuilder@V?$QStringBuilder@V?$QStringBuilder@V?$QStringBuilder@VQByteArray@@V1@@@VQByteArray@@@@VQByteArray@@@@VQByteArray@@@@AEBV?$QStringBuilder@V?$QStringBuilder@V?$QStringBuilder@VQByteArray@@V1@@@VQByteArray@@@@VQByteArray@@@@AEBVQByteArray@@@Z
      1. 00 0000 000B 0000:??$?HV?$QStringBuilder@V?$QStringBuilder@VQByteArray@@V1@@@VQByteArray@@@@VQByteArray@@@@YA?AV?$QStringBuilder@V?$QStringBuilder@V?$QStringBuilder@VQByteArray@@V1@@@VQByteArray@@@@VQByteArray@@@@AEBV?$QStringBuilder@V?$QStringBuilder@VQByteArray@@V1@@@VQByteArray@@@@AEBVQByteArray@@@Z
      2. 00 0000 000B 0000:??$?HV?$QStringBuilder@VQByteArray@@V1@@@VQByteArray@@@@YA?AV?$QStringBuilder@V?$QStringBuilder@VQByteArray@@V1@@@VQByteArray@@@@AEBV?$QStringBuilder@VQByteArray@@V1@@@AEBVQByteArray@@@Z
      3. 00 0000 000B 0000:??$?HV?$QStringBuilder@VQString@@V1@@@VQString@@@@YA?AV?$QStringBuilder@V?$QStringBuilder@VQString@@V1@@@VQString@@@@AEBV?$QStringBuilder@VQString@@V1@@@AEBVQString@@@Z
      4. 00 0000 000B 0000:??$?HVQByteArray@@V0@@@YA?AV?$QStringBuilder@VQByteArray@@V1@@@AEBVQByteArray@@0@Z
      5. 00 0000 000B 0000:??$?HVQLatin1String@@VQString@@@@YA?AV?$QStringBuilder@VQLatin1String@@VQString@@@@AEBVQLatin1String@@AEBVQString@@@Z
      6. 00 0000 000B 0000:??$?HVQString@@V0@@@YA?AV?$QStringBuilder@VQString@@V1@@@AEBVQString@@0@Z
      7. 00 0000 000B 0000:??$?HV?$QStringBuilder@VQByteArray@@D@@VQByteArray@@@@YA?AV?$QStringBuilder@V?$QStringBuilder@VQByteArray@@D@@VQByteArray@@@@AEBV?$QStringBuilder@VQByteArray@@D@@AEBVQByteArray@@@Z
      8. 00 0000 000B 0000:??$?HVQByteArray@@$$BY01D@@YA?AV?$QStringBuilder@VQByteArray@@$$BY01D@@AEBVQByteArray@@AEAY01$$CBD@Z
      9. 00 0000 000B 0000:??$?HVQByteArray@@D@@YA?AV?$QStringBuilder@VQByteArray@@D@@AEBVQByteArray@@AEBD@Z
      10. 00 0000 000B 0000:??$?HV?$QStringBuilder@V?$QStringBuilder@VQString@@VQLatin1String@@@@VQString@@@@UQLatin1Char@@@@YA?AV?$QStringBuilder@V?$QStringBuilder@V?$QStringBuilder@VQString@@VQLatin1String@@@@VQString@@@@UQLatin1Char@@@@AEBV?$QStringBuilder@V?$QStringBuilder@VQString@@VQLatin1String@@@@VQString@@@@AEBUQLatin1Char@@@Z
      11. 00 0000 000B 0000:??$?HV?$QStringBuilder@VQString@@VQLatin1String@@@@VQString@@@@YA?AV?$QStringBuilder@V?$QStringBuilder@VQString@@VQLatin1String@@@@VQString@@@@AEBV?$QStringBuilder@VQString@@VQLatin1String@@@@AEBVQString@@@Z
      12. 00 0000 000B 0000:??$?HVQString@@VQLatin1String@@@@YA?AV?$QStringBuilder@VQString@@VQLatin1String@@@@AEBVQString@@AEBVQLatin1String@@@Z
    4C240855535657415441564157488D6C24D94881ECB00000004C8BF1488D:
      0. 01 D5A7 02CC 0000:?generateAuthorizationHeader@QOAuth1@@KA?AVQByteArray@@AEBV?$QMap@VQString@@VQVariant@@@@@Z
    5C24:
      08:
        48:
          89:
            6C24:
              10:
                4889:
                  74241857:
                    41544155415641574883EC30488B014D:
                      0. 11 C62D 0103 0000:?insert@?$QMap@VQString@@VQVariant@@@@QEAA?AViterator@1@AEBVQString@@AEBVQVariant@@@Z (0028: 84)
                      1. 11 C62D 010E 0000:?insert@?$QMap@VQByteArray@@V1@@@QEAA?AViterator@1@AEBVQByteArray@@0@Z (0028: 85)
                    4883EC20:
                      48:
                        635A0C488BFA48636A0848:
                          0. 24 6F38 0076 0000:?dealloc@?$QList@U?$QPair@VQString@@V1@@@@@AEAAXPEAUData@QListData@@@Z
                        8B:
                          DA498BF9BA000D050049:
                            0. 06 7D76 00FA 0000:??0QAbstractOAuthPrivate@@QEAA@PEBDAEBVQUrl@@AEBVQString@@PEAVQNetworkAccessManager@@@Z
                          F9E8........488B1748:
                            0. 0F 682F 00C5 0000:?detach_helper@?$QMap@PEAVQTcpSocket@@UQHttpRequest@QOAuthHttpServerReplyHandlerPrivate@@@@AEAAXXZ
                      498BF18BFA488BE9E8:
                        0. 00 0000 006C 0000:?qt_metacall@QAbstractOAuthReplyHandler@@UEAAHW4Call@QMetaObject@@HPEAPEAX@Z (0006: 30) (000D: 05)
                        1. 00 0000 006C 0000:?qt_metacall@QOAuth1@@UEAAHW4Call@QMetaObject@@HPEAPEAX@Z (0006: 30) (000D: 07)
                        2. 00 0000 00A8 0000:?qt_metacall@QOAuth2AuthorizationCodeFlow@@UEAAHW4Call@QMetaObject@@HPEAPEAX@Z (0006: 6C)
                        3. 00 0000 00A9 0000:?qt_metacall@QAbstractOAuth@@UEAAHW4Call@QMetaObject@@HPEAPEAX@Z (0006: 6D) (000D: 16)
                        4. 00 0000 00A9 0000:?qt_metacall@QAbstractOAuth2@@UEAAHW4Call@QMetaObject@@HPEAPEAX@Z (0006: 6D) (000D: 19)
                  7C241841564883EC2048:
                    8BD9BD08000000488B89:
                      0. 2C FF46 0109 0000:??1QOAuth1Private@@UEAA@XZ
                    8D05........488BD948:
                      0. 36 5B4B 018B 0000:??1QAbstractOAuth2Private@@UEAA@XZ
                4C89442418565741564883EC508BBC249800000033DB:
                  0. 12 8A02 00B3 0000:??$connect@P8QAbstractOAuthReplyHandler@@EAAXAEBV?$QMap@VQString@@VQVariant@@@@@ZP8QAbstractOAuth2@@EAAX0@Z@QObject@@SA?AVConnection@QMetaObject@@PEBVQAbstractOAuthReplyHandler@@P83@EAAXAEBV?$QMap@VQString@@VQVariant@@@@@ZPEBVQAbstractOAuth2@@P85@EAAX1@ZW4ConnectionType@Qt@@@Z (0008: 18) (0021: 8B)
                  1. 12 8A02 00B4 0000:??$connect@P8QAbstractOAuthReplyHandler@@EAAXAEBV?$QMap@VQString@@VQVariant@@@@@ZP8QOAuth2AuthorizationCodeFlowPrivate@@EAAX0@Z@QObjectPrivate@@SA?AVConnection@QMetaObject@@PEBVQAbstractOAuthReplyHandler@@P83@EAAXAEBV?$QMap@VQString@@VQVariant@@@@@ZPEBVQOAuth2AuthorizationCodeFlowPrivate@@P85@EAAX1@ZW4ConnectionType@Qt@@@Z (0008: 18) (0021: 8D)
                  2. 12 8A02 00B4 0000:??$connect@P8QAbstractOAuthReplyHandler@@EAAXAEBV?$QMap@VQString@@VQVariant@@@@@ZP8QOAuth1Private@@EAAX0@Z@QObjectPrivate@@SA?AVConnection@QMetaObject@@PEBVQAbstractOAuthReplyHandler@@P83@EAAXAEBV?$QMap@VQString@@VQVariant@@@@@ZPEBVQOAuth1Private@@P85@EAAX1@ZW4ConnectionType@Qt@@@Z (0008: 18) (0021: 8D)
                  3. 12 8A02 00B4 0000:??$connect@P8QNetworkReply@@EAAXW4NetworkError@1@@ZP8QOAuth1Private@@EAAX0@Z@QObjectPrivate@@SA?AVConnection@QMetaObject@@PEBVQNetworkReply@@P83@EAAXW4NetworkError@3@@ZPEBVQOAuth1Private@@P85@EAAX1@ZW4ConnectionType@Qt@@@Z (0008: 18) (0021: 8D)
                  4. 12 8A02 00B4 0000:??$connect@P8QAbstractOAuth2@@EAAXAEBV?$QMap@VQString@@VQVariant@@@@@ZP8QOAuth2AuthorizationCodeFlowPrivate@@EAAX0@Z@QObjectPrivate@@SA?AVConnection@QMetaObject@@PEBVQAbstractOAuth2@@P83@EAAXAEBV?$QMap@VQString@@VQVariant@@@@@ZPEBVQOAuth2AuthorizationCodeFlowPrivate@@P85@EAAX1@ZW4ConnectionType@Qt@@@Z (0008: 18) (0021: 8D)
                  5. 12 8A02 00B0 0000:??$connect@P8QAbstractOAuthReplyHandler@@EAAXAEBV?$QMap@VQString@@VQVariant@@@@@ZV<lambda_9a7b39314bafb0e7f0e18525b48ae430>@@@QObject@@SA?AVConnection@QMetaObject@@PEBVQAbstractOAuthReplyHandler@@P83@EAAXAEBV?$QMap@VQString@@VQVariant@@@@@ZPEBV0@V<lambda_9a7b39314bafb0e7f0e18525b48ae430>@@W4ConnectionType@Qt@@@Z (0008: 20)
                574883EC:
                  20488BD983CFFF488B4928833900740E3939:
                    0. 11 A491 00CB 0000:??1QOAuth1SignaturePrivate@@QEAA@XZ
                  30488BD9498BF8498B0948894C24208B01FF:
                    0. 0B A428 0114 0000:??0QOAuth2AuthorizationCodeFlowPrivate@@QEAA@AEBVQUrl@@0AEBVQString@@PEAVQNetworkAccessManager@@@Z
              18:
                4889742420574883EC40488B02488BE9488BCA488BDA:
                  0. 2A 446D 01C2 0000:?readStatus@QHttpRequest@QOAuthHttpServerReplyHandlerPrivate@@QEAA_NPEAVQTcpSocket@@@Z
                565741574883EC40488B02488BF9488BCA488BDA4032:
                  0. 2B 9511 020F 0000:?readMethod@QHttpRequest@QOAuthHttpServerReplyHandlerPrivate@@QEAA_NPEAVQTcpSocket@@@Z
            7424:
              10:
                48897C2418:
                  41564883EC:
                    20488B394C8BF2488BF1488B:
                      0. 19 A9E8 0096 0000:??$appendTo@VQChar@@@?$QConcatenable@V?$QStringBuilder@V?$QStringBuilder@VQString@@V1@@@VQString@@@@@@SAXAEBV?$QStringBuilder@V?$QStringBuilder@VQString@@V1@@@VQString@@@@AEAPEAVQChar@@@Z
                    30:
                      488B01498BF94D8BF0488B:
                        0. 0A FA2E 00E4 0000:?insert@?$QMap@PEAVQTcpSocket@@UQHttpRequest@QOAuthHttpServerReplyHandlerPrivate@@@@QEAA?AViterator@1@AEBQEAVQTcpSocket@@AEBUQHttpRequest@QOAuthHttpServerReplyHandlerPrivate@@@Z
                      4C8BF1498B:
                        D9B930000000:
                          0. 07 9515 006E 0000:??0QOAuth1Signature@@QEAA@AEBVQUrl@@AEBVQString@@1W4HttpRequestMethod@0@AEBV?$QMap@VQString@@VQVariant@@@@@Z
                        F9B980010000:
                          0. 07 46A2 0079 0000:??0QOAuth2AuthorizationCodeFlow@@QEAA@AEBVQString@@AEBVQUrl@@1PEAVQNetworkAccessManager@@PEAVQObject@@@Z
                  55488BEC48:
                    81EC80000000498BF985D20F:
                      0. 4B B4E7 062D 0000:?qt_static_metacall@QAbstractOAuth@@CAXPEAVQObject@@W4Call@QMetaObject@@HPEAPEAX@Z
                    83EC40488B01498BF0488BDA:
                      0. 09 C24A 00BA 0000:?take@?$QMap@VQString@@VQVariant@@@@QEAA?AVQVariant@@AEBVQString@@@Z
                4C89442418574883EC50488BF1498BD9B9:
                  1800000048:
                    0. 03 B809 009C 0000:??$connect@P8QNetworkAccessManager@@EAAXPEAVQNetworkReply@@PEAVQAuthenticator@@@ZP8QOAuth2AuthorizationCodeFlowPrivate@@EAAX01@Z@QObjectPrivate@@SA?AVConnection@QMetaObject@@PEBVQNetworkAccessManager@@P83@EAAXPEAVQNetworkReply@@PEAVQAuthenticator@@@ZPEBVQOAuth2AuthorizationCodeFlowPrivate@@P86@EAAX12@ZW4ConnectionType@Qt@@@Z (0013: 48)
                    1. 03 B809 009B 0000:??$connect@P8QNetworkReply@@EAAXXZP8QObject@@EAAXXZ@QObject@@SA?AVConnection@QMetaObject@@PEBVQNetworkReply@@P83@EAAXXZPEBV0@P80@EAAXXZW4ConnectionType@Qt@@@Z (0013: 4C) (REF 0049: ?staticMetaObject@QNetworkReply@@2UQMetaObject@@B)
                    2. 03 B809 009B 0000:??$connect@P8QAbstractSocket@@EAAXXZP8QObject@@EAAXXZ@QObject@@SA?AVConnection@QMetaObject@@PEBVQAbstractSocket@@P83@EAAXXZPEBV0@P80@EAAXXZW4ConnectionType@Qt@@@Z (0013: 4C) (REF 0049: ?staticMetaObject@QAbstractSocket@@2UQMetaObject@@B)
                    3. 03 B809 0092 0000:??$connect@P8QTcpServer@@EAAXXZV<lambda_75382c80b81e33aeef9bbb3a2aaf3953>@@@QObject@@SA?AVConnection@QMetaObject@@PEBVQTcpServer@@P83@EAAXXZPEBV0@V<lambda_75382c80b81e33aeef9bbb3a2aaf3953>@@W4ConnectionType@Qt@@@Z (0013: 8B)
                  2000000048:
                    0. 03 B809 0097 0000:??$connect@P8QIODevice@@EAAXXZV<lambda_d1f2cbe006947ff2828c6b4fbab76b27>@@@QObject@@SA?AVConnection@QMetaObject@@PEBVQIODevice@@P83@EAAXXZPEBV0@V<lambda_d1f2cbe006947ff2828c6b4fbab76b27>@@W4ConnectionType@Qt@@@Z (REF 0032: ?impl@?$QFunctorSlotObject@V<lambda_d1f2cbe006947ff2828c6b4fbab76b27>@@$0A@U?$List@$$V@QtPrivate@@X@QtPrivate@@CAXHPEAVQSlotObjectBase@2@PEAVQObject@@PEAPEAXPEA_N@Z)
                    1. 03 B809 0097 0000:??$connect@P8QNetworkReply@@EAAXXZV<lambda_15b565bb3579b1ad1a4d97c023fa2a2c>@@@QObject@@SA?AVConnection@QMetaObject@@PEBVQNetworkReply@@P83@EAAXXZPEBV0@V<lambda_15b565bb3579b1ad1a4d97c023fa2a2c>@@W4ConnectionType@Qt@@@Z (REF 0032: ?impl@?$QFunctorSlotObject@V<lambda_15b565bb3579b1ad1a4d97c023fa2a2c>@@$0A@U?$List@$$V@QtPrivate@@X@QtPrivate@@CAXHPEAVQSlotObjectBase@2@PEAVQObject@@PEAPEAXPEA_N@Z)
                    2. 03 B809 0097 0000:??$connect@P8QNetworkReply@@EAAXXZV<lambda_93df4b8d60d75fbf0d2ddd7c7f891ca7>@@@QObject@@SA?AVConnection@QMetaObject@@PEBVQNetworkReply@@P83@EAAXXZPEBV0@V<lambda_93df4b8d60d75fbf0d2ddd7c7f891ca7>@@W4ConnectionType@Qt@@@Z (REF 0032: ?impl@?$QFunctorSlotObject@V<lambda_93df4b8d60d75fbf0d2ddd7c7f891ca7>@@$0A@U?$List@$$V@QtPrivate@@X@QtPrivate@@CAXHPEAVQSlotObjectBase@2@PEAVQObject@@PEAPEAXPEA_N@Z)
                    3. 03 B809 0097 0000:??$connect@P8QNetworkReply@@EAAXXZV<lambda_3b7ec3fa69d723811069b12934812fa8>@@@QObject@@SA?AVConnection@QMetaObject@@PEBVQNetworkReply@@P83@EAAXXZPEBV0@V<lambda_3b7ec3fa69d723811069b12934812fa8>@@W4ConnectionType@Qt@@@Z (REF 0032: ?impl@?$QFunctorSlotObject@V<lambda_3b7ec3fa69d723811069b12934812fa8>@@$0A@U?$List@$$V@QtPrivate@@X@QtPrivate@@CAXHPEAVQSlotObjectBase@2@PEAVQObject@@PEAPEAXPEA_N@Z)
                    4. 03 B809 0097 0000:??$connect@P8QNetworkReply@@EAAXXZV<lambda_5ff75a68544476f1d423e96f57eb1c8f>@@@QObject@@SA?AVConnection@QMetaObject@@PEBVQNetworkReply@@P83@EAAXXZPEBV0@V<lambda_5ff75a68544476f1d423e96f57eb1c8f>@@W4ConnectionType@Qt@@@Z (REF 0032: ?impl@?$QFunctorSlotObject@V<lambda_5ff75a68544476f1d423e96f57eb1c8f>@@$0A@U?$List@$$V@QtPrivate@@X@QtPrivate@@CAXHPEAVQSlotObjectBase@2@PEAVQObject@@PEAPEAXPEA_N@Z)
                    5. 03 B809 0097 0000:??$connect@P8QNetworkReply@@EAAXXZV<lambda_92a1f35bafa673d0180c7980ff61bae9>@@@QObject@@SA?AVConnection@QMetaObject@@PEBVQNetworkReply@@P83@EAAXXZPEBV0@V<lambda_92a1f35bafa673d0180c7980ff61bae9>@@W4ConnectionType@Qt@@@Z (REF 0032: ?impl@?$QFunctorSlotObject@V<lambda_92a1f35bafa673d0180c7980ff61bae9>@@$0A@U?$List@$$V@QtPrivate@@X@QtPrivate@@CAXHPEAVQSlotObjectBase@2@PEAVQObject@@PEAPEAXPEA_N@Z)
                    6. 03 B809 0097 0000:??$connect@P8QNetworkReply@@EAAXXZV<lambda_9f7e991474179af9ef68159d522da4bb>@@@QObject@@SA?AVConnection@QMetaObject@@PEBVQNetworkReply@@P83@EAAXXZPEBV0@V<lambda_9f7e991474179af9ef68159d522da4bb>@@W4ConnectionType@Qt@@@Z (REF 0032: ?impl@?$QFunctorSlotObject@V<lambda_9f7e991474179af9ef68159d522da4bb>@@$0A@U?$List@$$V@QtPrivate@@X@QtPrivate@@CAXHPEAVQSlotObjectBase@2@PEAVQObject@@PEAPEAXPEA_N@Z)
                    7. 03 B809 0097 0000:??$connect@P8QNetworkReply@@EAAXXZV<lambda_a9f8f15f04dbeea712193ebe9ebc4ce2>@@@QObject@@SA?AVConnection@QMetaObject@@PEBVQNetworkReply@@P83@EAAXXZPEBV0@V<lambda_a9f8f15f04dbeea712193ebe9ebc4ce2>@@W4ConnectionType@Qt@@@Z (REF 0032: ?impl@?$QFunctorSlotObject@V<lambda_a9f8f15f04dbeea712193ebe9ebc4ce2>@@$0A@U?$List@$$V@QtPrivate@@X@QtPrivate@@CAXHPEAVQSlotObjectBase@2@PEAVQObject@@PEAPEAXPEA_N@Z)
                    8. 03 B809 0097 0000:??$connect@P8QAbstractOAuth@@EAAXW4Status@1@@ZV<lambda_3c6235f71daa45d2f1f7852dc81f4774>@@@QObject@@SA?AVConnection@QMetaObject@@PEBVQAbstractOAuth@@P83@EAAXW4Status@3@@ZPEBV0@V<lambda_3c6235f71daa45d2f1f7852dc81f4774>@@W4ConnectionType@Qt@@@Z (REF 0032: ?impl@?$QFunctorSlotObject@V<lambda_3c6235f71daa45d2f1f7852dc81f4774>@@$00U?$List@W4Status@QAbstractOAuth@@@QtPrivate@@X@QtPrivate@@CAXHPEAVQSlotObjectBase@2@PEAVQObject@@PEAPEAXPEA_N@Z)
                    9. 03 B809 0097 0000:??$connect@P8QNetworkReply@@EAAXXZV<lambda_10c48f4e711e5d8723630648617530b2>@@@QObject@@SA?AVConnection@QMetaObject@@PEBVQNetworkReply@@P83@EAAXXZPEBV0@V<lambda_10c48f4e711e5d8723630648617530b2>@@W4ConnectionType@Qt@@@Z (REF 0032: ?impl@?$QFunctorSlotObject@V<lambda_10c48f4e711e5d8723630648617530b2>@@$0A@U?$List@$$V@QtPrivate@@X@QtPrivate@@CAXHPEAVQSlotObjectBase@2@PEAVQObject@@PEAPEAXPEA_N@Z)
                    10. 03 B809 0097 0000:??$connect@P8QNetworkReply@@EAAXXZV<lambda_4b98f2179475d539c827026efc3be7d2>@@@QObject@@SA?AVConnection@QMetaObject@@PEBVQNetworkReply@@P83@EAAXXZPEBV0@V<lambda_4b98f2179475d539c827026efc3be7d2>@@W4ConnectionType@Qt@@@Z (REF 0032: ?impl@?$QFunctorSlotObject@V<lambda_4b98f2179475d539c827026efc3be7d2>@@$0A@U?$List@$$V@QtPrivate@@X@QtPrivate@@CAXHPEAVQSlotObjectBase@2@PEAVQObject@@PEAPEAXPEA_N@Z)
                    11. 03 B809 0097 0000:??$connect@P8QNetworkReply@@EAAXXZV<lambda_6185b4b37b36599e207282c23c77da90>@@@QObject@@SA?AVConnection@QMetaObject@@PEBVQNetworkReply@@P83@EAAXXZPEBV0@V<lambda_6185b4b37b36599e207282c23c77da90>@@W4ConnectionType@Qt@@@Z (REF 0032: ?impl@?$QFunctorSlotObject@V<lambda_6185b4b37b36599e207282c23c77da90>@@$0A@U?$List@$$V@QtPrivate@@X@QtPrivate@@CAXHPEAVQSlotObjectBase@2@PEAVQObject@@PEAPEAXPEA_N@Z)
                    12. 03 B809 0097 0000:??$connect@P8QNetworkReply@@EAAXXZV<lambda_70a21d481f89936358e51491f11dc3ac>@@@QObject@@SA?AVConnection@QMetaObject@@PEBVQNetworkReply@@P83@EAAXXZPEBV0@V<lambda_70a21d481f89936358e51491f11dc3ac>@@W4ConnectionType@Qt@@@Z (REF 0032: ?impl@?$QFunctorSlotObject@V<lambda_70a21d481f89936358e51491f11dc3ac>@@$0A@U?$List@$$V@QtPrivate@@X@QtPrivate@@CAXHPEAVQSlotObjectBase@2@PEAVQObject@@PEAPEAXPEA_N@Z)
                574883EC:
                  20:
                    48:
                      635A0C488BFA486372084883C3024883:
                        0. 39 2E5A 0079 0000:?dealloc@?$QList@VQString@@@@AEAAXPEAUData@QListData@@@Z
                      8B:
                        01:
                          488BF2:
                            488BF94C8B00488B0E4963:
                              0. 10 1202 006F 0000:??$appendTo@VQChar@@@?$QConcatenable@V?$QStringBuilder@VQString@@VQLatin1String@@@@@@SAXAEBV?$QStringBuilder@VQString@@VQLatin1String@@@@AEAPEAVQChar@@@Z
                            4C8B02488BF90F1000660F:
                              0. 0F 99B1 006C 0000:??$appendTo@VQChar@@@?$QConcatenable@V?$QStringBuilder@VQLatin1String@@VQString@@@@@@SAXAEBV?$QStringBuilder@VQLatin1String@@VQString@@@@AEAPEAVQChar@@@Z
                          498BF0488BFA488BD94885C0740A:
                            0. 06 5D9A 004F 0000:?take@QOAuth1Signature@@QEAA?AVQVariant@@AEBVQString@@@Z
                        19488BF1488BFA488B0BE8:
                          0. 97 EA47 00B7 0000:??$appendTo@D@?$QConcatenable@V?$QStringBuilder@V?$QStringBuilder@V?$QStringBuilder@VQByteArray@@V1@@@VQByteArray@@@@VQByteArray@@@@@@SAXAEBV?$QStringBuilder@V?$QStringBuilder@V?$QStringBuilder@VQByteArray@@V1@@@VQByteArray@@@@VQByteArray@@@@AEAPEAD@Z
                        5910488BF24885DB743E33FF488D4B:
                          0. 05 9F97 006B 0000:?findNode@?$QMapData@VQString@@VQVariant@@@@QEBAPEAU?$QMapNode@VQString@@VQVariant@@@@AEBVQString@@@Z
                        7108488B:
                          DA488BF9488BCB488D9630:
                            0. 04 238B 0056 0000:?setState@QAbstractOAuth2@@QEAAXAEBVQString@@@Z
                          F9488BDA488D8E:
                            20010000:
                              0. 01 3E9B 0053 0000:?setClientSharedSecret@QOAuth1@@QEAAXAEBVQString@@@Z (REF 003F: ?clientSharedSecretChanged@QOAuth1@@QEAAXAEBVQString@@@Z)
                              1. 01 3E9B 0053 0000:?setClientIdentifierSharedKey@QAbstractOAuth2@@QEAAXAEBVQString@@@Z (REF 003F: ?clientIdentifierSharedKeyChanged@QAbstractOAuth2@@QEAAXAEBVQString@@@Z)
                            28010000:
                              0. 01 3E9B 0053 0000:?setTokenSecret@QOAuth1@@QEAAXAEBVQString@@@Z (REF 003F: ?tokenSecretChanged@QOAuth1@@QEAAXAEBVQString@@@Z)
                              1. 01 3E9B 0053 0000:?setScope@QAbstractOAuth2@@QEAAXAEBVQString@@@Z (REF 003F: ?scopeChanged@QAbstractOAuth2@@QEAAXAEBVQString@@@Z)
                            38010000:
                              0. 01 3E9B 0053 0000:?setTemporaryCredentialsUrl@QOAuth1@@QEAAXAEBVQUrl@@@Z (0006: 74)
                              1. 01 3E9B 0053 0000:?setUserAgent@QAbstractOAuth2@@QEAAXAEBVQString@@@Z (0006: 75)
                            40010000:
                              0. 01 3E9B 0053 0000:?setTokenCredentialsUrl@QOAuth1@@QEAAXAEBVQUrl@@@Z (0006: 74)
                              1. 01 3E9B 0053 0000:?setResponseType@QAbstractOAuth2@@IEAAXAEBVQString@@@Z (0006: 75)
                            58010000:
                              0. 01 3E9B 0053 0000:?setRefreshToken@QAbstractOAuth2@@QEAAXAEBVQString@@@Z
                            60010000:
                              0. 01 3E9B 0053 0000:?setAccessTokenUrl@QOAuth2AuthorizationCodeFlow@@QEAAXAEBVQUrl@@@Z
                            88000000:
                              0. 01 3E9B 0053 0000:?setClientIdentifier@QAbstractOAuth@@QEAAXAEBVQString@@@Z
                            90000000:
                              0. 01 3E9B 0053 0000:?setToken@QAbstractOAuth@@QEAAXAEBVQString@@@Z
                            98000000:
                              0. 01 3E9B 0053 0000:?setAuthorizationUrl@QAbstractOAuth@@QEAAXAEBVQUrl@@@Z
                        81C800000033DB488B7108488BF948:
                          0. 1E E9B0 00B8 0000:?networkAccessManager@QAbstractOAuthPrivate@@QEAAPEAVQNetworkAccessManager@@XZ
                        D9E8........488B13488BF8488B4A:
                          0. 0A 4BC7 009B 0000:?detach_helper@?$QMap@VQByteArray@@V1@@@AEAAXXZ
                        F9B930000000E8........488B1748:
                          0. 03 AA8C 006D 0000:?detach_helper@?$QSharedDataPointer@VQOAuth1SignaturePrivate@@@@AEAAXXZ
                        FA410FB7D8498BD1488BF1E8:
                          0. 00 0000 0066 0000:??0QOAuthHttpServerReplyHandler@@QEAA@AEBVQHostAddress@@GPEAVQObject@@@Z
                    4C8B01488BF149634008498D1CC0E8:
                      0. 00 0000 007D 0000:?detach_helper@?$QList@U?$QPair@VQString@@V1@@@@@AEAAXH@Z
                  30:
                    4533C9C644242000488BF2488BF9488BCE:
                      0. 09 37F9 00C6 0000:?copy@?$QMapNode@VQString@@VQVariant@@@@QEBAPEAU1@PEAU?$QMapData@VQString@@VQVariant@@@@@Z
                      1. 09 DF9A 00D0 0000:?copy@?$QMapNode@VQByteArray@@V1@@@QEBAPEAU1@PEAU?$QMapData@VQByteArray@@V1@@@@Z
                    488BF2C644242000488D5118488BF94C8D:
                      0. 09 4BA7 0098 0000:?copy@?$QMapNode@PEAVQTcpSocket@@UQHttpRequest@QOAuthHttpServerReplyHandlerPrivate@@@@QEBAPEAU1@PEAU?$QMapData@PEAVQTcpSocket@@UQHttpRequest@QOAuthHttpServerReplyHandlerPrivate@@@@@Z
                    8A442460488BDABA500000008844242049:
                      0. 07 E1FB 009E 0000:?createNode@?$QMapData@PEAVQTcpSocket@@UQHttpRequest@QOAuthHttpServerReplyHandlerPrivate@@@@QEAAPEAU?$QMapNode@PEAVQTcpSocket@@UQHttpRequest@QOAuthHttpServerReplyHandlerPrivate@@@@AEBQEAVQTcpSocket@@AEBUQHttpRequest@QOAuthHttpServerReplyHandlerPrivate@@PEAU2@_N@Z
              18574883EC30418BF0488BF94885D275508B1D:
                0. 07 0638 00B5 0000:??$qRegisterNormalizedMetaType@W4NetworkError@QNetworkReply@@@@YAHAEBVQByteArray@@PEAW4NetworkError@QNetworkReply@@W4DefinedType@?$MetaTypeDefinedHelper@W4NetworkError@QNetworkReply@@$00@QtPrivate@@@Z
            7C2410488B39488BD9488B074C8B0049634004490340104D8B:
              0. 91 E6B4 00B1 0000:??$appendTo@D@?$QConcatenable@V?$QStringBuilder@V?$QStringBuilder@VQByteArray@@D@@VQByteArray@@@@@@SAXAEBV?$QStringBuilder@V?$QStringBuilder@VQByteArray@@D@@VQByteArray@@@@AEAPEAD@Z
          8B01:
            33DB4C8BD94C8B0049634004490340104D8B48104903C04D:
              0. 4D 8439 006D 0000:??$appendTo@D@?$QConcatenable@V?$QStringBuilder@VQByteArray@@$$BY01D@@@@SAXAEBV?$QStringBuilder@VQByteArray@@$$BY01D@@AEAPEAD@Z
            488BD94C8B0049634004490340104D8B48104903C04D03C8:
              0. 75 CBEF 0095 0000:??$appendTo@D@?$QConcatenable@V?$QStringBuilder@VQByteArray@@V1@@@@@SAXAEBV?$QStringBuilder@VQByteArray@@V1@@@AEAPEAD@Z
        555657:
          41564157488D6C24C94881ECA0000000488B02488BF1488B:
            0. 31 9D8E 02F8 0000:?readUrl@QHttpRequest@QOAuthHttpServerReplyHandlerPrivate@@QEAA_NPEAVQTcpSocket@@@Z
          48:
            83EC408364247000488BC2488BF1488D542478488BC845:
              0. 03 EA0E 00D5 0000:?addRequestBody@QOAuth1Signature@@QEAAXAEBVQUrlQuery@@@Z
            8BEC4883EC50488D05........488BF2488902488D4DD0:
              0. 04 3D02 0137 0000:?parseResponse@QOAuthOobReplyHandler@@AEAA?AV?$QMap@VQString@@VQVariant@@@@AEBVQByteArray@@@Z
        574883EC:
          20:
            48:
              8B:
                01:
                  488BFA488BD94885C0740A8338017405E8:
                    0. 00 0000 005A 0000:?setCustomMethodString@QOAuth1Signature@@QEAAXAEBVQByteArray@@@Z (0004: 03)
                    1. 00 0000 003B 0000:?setUrl@QOAuth1Signature@@QEAAXAEBVQUrl@@@Z (0004: 0B) (000B: 10)
                    2. 00 0000 003B 0000:?setClientSharedKey@QOAuth1Signature@@QEAAXAEBVQString@@@Z (0004: 0B) (000B: 18)
                    3. 00 0000 003B 0000:?setTokenSecret@QOAuth1Signature@@QEAAXAEBVQString@@@Z (0004: 0B) (000B: 20)
                  8BFA488BD94885C0740A8338017405E8:
                    0. 00 0000 0032 0000:?setHttpRequestMethod@QOAuth1Signature@@QEAAXW4HttpRequestMethod@1@@Z
                02488B:
                  F94889014885C07403F0FF00488D05:
                    0. 00 0000 0068 0000:??0QOAuth1Signature@@QEAA@$$QEAV0@@Z
                  FA488BD983380074108338FF7403F0FF00:
                    0. 09 8783 0077 0000:??0?$QMap@VQString@@VQVariant@@@@QEAA@AEBV0@@Z (REF 0040: ?copy@?$QMapNode@VQString@@VQVariant@@@@QEBAPEAU1@PEAU?$QMapData@VQString@@VQVariant@@@@@Z)
                    1. 09 8783 0077 0000:??0?$QMap@VQByteArray@@V1@@@QEAA@AEBV0@@Z (REF 0040: ?copy@?$QMapNode@VQByteArray@@V1@@@QEBAPEAU1@PEAU?$QMapData@VQByteArray@@V1@@@@Z)
                09488BFA498BD0498BD9488B4928E8........48:
                  0. 11 21EF 0043 0000:?value@QOAuth1Signature@@QEBA?AVQVariant@@AEBVQString@@AEBV2@@Z
                11833A007411833AFF745783C8FFF00FC10283F8:
                  0. 14 B979 0079 0000:??1?$QMap@PEAVQTcpSocket@@UQHttpRequest@QOAuthHttpServerReplyHandlerPrivate@@@@QEAA@XZ
                59:
                  08488BFA48:
                    85D2740A488BCAE8........EB02:
                      0. 29 3FD4 0058 0000:?setReplyHandler@QAbstractOAuth@@QEAAXPEAVQAbstractOAuthReplyHandler@@@Z
                    8B83C80000004885C0740F837804:
                      0. 96 A3F0 00F4 0000:?setNetworkAccessManager@QAbstractOAuth@@QEAAXPEAVQNetworkAccessManager@@@Z
                  10488BF94885DB7463488B4B18833900741183:
                    0. 1E BDD7 008B 0000:?destroy@?$QMapData@VQString@@VQVariant@@@@QEAAXXZ
                7910488D05........488901488BD94885FF7415:
                  0. 04 DF08 0047 0000:??1QOAuthHttpServerReplyHandler@@UEAA@XZ
                D9:
                  488B:
                    492883390074118339FF743883C8FFF00F:
                      0. 15 4893 0093 0000:??1QHttpRequest@QOAuthHttpServerReplyHandlerPrivate@@QEAA@XZ
                    79083991A8000000741F8991A800000048:
                      0. 03 A2C1 0043 0000:?setStatus@QAbstractOAuthPrivate@@QEAAXW4Status@QAbstractOAuth@@@Z
                  E8........488B13488BF8488B4A104885C974:
                    0. 05 B3A9 006E 0000:?detach_helper@?$QMap@VQString@@VQVariant@@@@AEAAXXZ
                DA488BF948:
                  85D2750433C0EB23488D15:
                    0. 04 BF6F 0047 0000:?qt_metacast@QOAuth2AuthorizationCodeFlow@@UEAAPEAXPEBD@Z (REF 001C: ?qt_meta_stringdata_QOAuth2AuthorizationCodeFlow@@3Uqt_meta_stringdata_QOAuth2AuthorizationCodeFlow_t@@B)
                    1. 04 BF6F 0047 0000:?qt_metacast@QAbstractOAuthReplyHandler@@UEAAPEAXPEBD@Z (REF 001C: ?qt_meta_stringdata_QAbstractOAuthReplyHandler@@3Uqt_meta_stringdata_QAbstractOAuthReplyHandler_t@@B)
                    2. 04 BF6F 0047 0000:?qt_metacast@QOAuthOobReplyHandler@@UEAAPEAXPEBD@Z (REF 001C: ?qt_meta_stringdata_QOAuthOobReplyHandler@@3Uqt_meta_stringdata_QOAuthOobReplyHandler_t@@B)
                    3. 04 BF6F 0047 0000:?qt_metacast@QAbstractOAuth2@@UEAAPEAXPEBD@Z (REF 001C: ?qt_meta_stringdata_QAbstractOAuth2@@3Uqt_meta_stringdata_QAbstractOAuth2_t@@B)
                    4. 04 BF6F 0047 0000:?qt_metacast@QAbstractOAuth@@UEAAPEAXPEBD@Z (REF 001C: ?qt_meta_stringdata_QAbstractOAuth@@3Uqt_meta_stringdata_QAbstractOAuth_t@@B)
                    5. 04 BF6F 0047 0000:?qt_metacast@QOAuth1@@UEAAPEAXPEBD@Z (REF 001C: ?qt_meta_stringdata_QOAuth1@@3Uqt_meta_stringdata_QOAuth1_t@@B)
                    6. 04 BF6F 0047 0000:?qt_metacast@QOAuthHttpServerReplyHandler@@UEAAPEAXPEBD@Z (REF 001C: ?qt_meta_stringdata_QOAuthHttpServerReplyHandler@@3Uqt_meta_stringdata_QOAuthHttpServerReplyHandler_t@@B)
                  8B5218833A007411833AFF741E83C8:
                    0. 18 86BC 005A 0000:?deleteNode@?$QMapData@VQString@@VQVariant@@@@QEAAXPEAU?$QMapNode@VQString@@VQVariant@@@@@Z
                F9488BDA488D4A20E8........488BD3488BCF48:
                  0. 0A 9C27 002E 0000:?deleteNode@?$QMapData@PEAVQTcpSocket@@UQHttpRequest@QOAuthHttpServerReplyHandlerPrivate@@@@QEAAXPEAU?$QMapNode@PEAVQTcpSocket@@UQHttpRequest@QOAuthHttpServerReplyHandlerPrivate@@@@@Z
                FA418BD8488BD1488D4C2448E8........448BC3:
                  0. 09 738E 006A 0000:??$qRegisterMetaType@W4NetworkError@QNetworkReply@@@@YAHPEBDPEAW4NetworkError@QNetworkReply@@W4DefinedType@?$MetaTypeDefinedHelper@W4NetworkError@QNetworkReply@@$00@QtPrivate@@@Z (REF 0029: ??$qRegisterNormalizedMetaType@W4NetworkError@QNetworkReply@@@@YAHAEBVQByteArray@@PEAW4NetworkError@QNetworkReply@@W4DefinedType@?$MetaTypeDefinedHelper@W4NetworkError@QNetworkReply@@$00@QtPrivate@@@Z)
                  1. 09 738E 006A 0000:??$qRegisterMetaType@W4SignatureMethod@QOAuth1@@@@YAHPEBDPEAW4SignatureMethod@QOAuth1@@W4DefinedType@?$MetaTypeDefinedHelper@W4SignatureMethod@QOAuth1@@$00@QtPrivate@@@Z (REF 0029: ??$qRegisterNormalizedMetaType@W4SignatureMethod@QOAuth1@@@@YAHAEBVQByteArray@@PEAW4SignatureMethod@QOAuth1@@W4DefinedType@?$MetaTypeDefinedHelper@W4SignatureMethod@QOAuth1@@$00@QtPrivate@@@Z)
                  2. 09 738E 006A 0000:??$qRegisterMetaType@W4Error@QAbstractOAuth@@@@YAHPEBDPEAW4Error@QAbstractOAuth@@W4DefinedType@?$MetaTypeDefinedHelper@W4Error@QAbstractOAuth@@$00@QtPrivate@@@Z (REF 0029: ??$qRegisterNormalizedMetaType@W4Error@QAbstractOAuth@@@@YAHAEBVQByteArray@@PEAW4Error@QAbstractOAuth@@W4DefinedType@?$MetaTypeDefinedHelper@W4Error@QAbstractOAuth@@$00@QtPrivate@@@Z)
              8D05........:
                488BD9488DB9D8000000488901488B:
                  0. 3E 2D35 014B 0000:??1QAbstractOAuthPrivate@@UEAA@XZ
                8BDA488901488BF9E8........F6C3:
                  0. 0C B597 003E 0000:??_GQAbstractOAuthReplyHandler@@UEAAPEAXI@Z (REF 000D: ??_7QAbstractOAuthReplyHandler@@6B@)
                  1. 0C B597 003E 0000:??_GQAbstractOAuth2@@UEAAPEAXI@Z (REF 000D: ??_7QAbstractOAuth2@@6B@)
                  2. 0C B597 003E 0000:??_GQAbstractOAuth@@UEAAPEAXI@Z (REF 000D: ??_7QAbstractOAuth@@6B@)
                  3. 0C B597 003E 0000:??_GQOAuth2AuthorizationCodeFlow@@UEAAPEAXI@Z (REF 000D: ??_7QOAuth2AuthorizationCodeFlow@@6B@)
            498BF8488BD9E8........488BD7488BCB488B5C2430:
              0. 06 6123 002A 0000:?setTokenCredentials@QOAuth1@@QEAAXAEBVQString@@0@Z (REF 0011: ?setToken@QAbstractOAuth@@QEAAXAEBVQString@@@Z)
              1. 06 6123 002A 0000:?setClientCredentials@QOAuth1@@QEAAXAEBVQString@@0@Z (REF 0011: ?setClientIdentifier@QAbstractOAuth@@QEAAXAEBVQString@@@Z)
            4C8B01488BF9496340084983C010498D1CC0E8:
              0. 00 0000 0094 0000:?detach_helper@?$QList@VQString@@@@AEAAXH@Z
            83210048:
              8BD98B4204488BFA894104488B4A0848894B:
                0. 16 FF46 007D 0000:??0QOAuth1SignaturePrivate@@QEAA@AEBV0@@Z
              8D05........44894104488BD94889410849:
                0. 07 0FA4 0075 0000:??0QOAuth1SignaturePrivate@@QEAA@AEBVQUrl@@W4HttpRequestMethod@QOAuth1Signature@@AEBV?$QMap@VQString@@VQVariant@@@@AEBVQString@@3@Z
            8BDA488BF9E8........F6C301740DBA:
              10000000488B:
                0. 02 632D 0034 0000:??_GQOAuth1@@UEAAPEAXI@Z (REF 0010: ??1QAbstractOAuth@@UEAA@XZ)
                1. 02 632D 0034 0000:??_GQOAuthOobReplyHandler@@UEAAPEAXI@Z (REF 0010: ??1QAbstractOAuthReplyHandler@@UEAA@XZ)
              18000000488B:
                0. 02 632D 0034 0000:??_GQOAuthHttpServerReplyHandler@@UEAAPEAXI@Z
              20010000488B:
                0. 02 632D 0034 0000:??_GQAbstractOAuthPrivate@@UEAAPEAXI@Z
              60010000488B:
                0. 02 632D 0034 0000:??_GQOAuth1Private@@UEAAPEAXI@Z (REF 0010: ??1QOAuth1Private@@UEAA@XZ)
                1. 02 632D 0034 0000:??_GQAbstractOAuth2Private@@UEAAPEAXI@Z (REF 0010: ??1QAbstractOAuth2Private@@UEAA@XZ)
              80010000488B:
                0. 02 632D 0034 0000:??_GQOAuth2AuthorizationCodeFlowPrivate@@UEAAPEAXI@Z
          30:
            418BF8488BD94885D27516E8........83F8FF740C8B:
              0. 05 21A3 006B 0000:??$qRegisterNormalizedMetaType@W4Error@QAbstractOAuth@@@@YAHAEBVQByteArray@@PEAW4Error@QAbstractOAuth@@W4DefinedType@?$MetaTypeDefinedHelper@W4Error@QAbstractOAuth@@$00@QtPrivate@@@Z (0005: 35)
              1. 05 21A3 0071 0000:??$qRegisterNormalizedMetaType@W4SignatureMethod@QOAuth1@@@@YAHAEBVQByteArray@@PEAW4SignatureMethod@QOAuth1@@W4DefinedType@?$MetaTypeDefinedHelper@W4SignatureMethod@QOAuth1@@$00@QtPrivate@@@Z (0005: 3B)
            488BF9498BD8488D4C2458E8........488BD3488D4C:
              0. 03 E3EE 0060 0000:?resourceOwnerAuthorization@QAbstractOAuth@@MEAAXAEBVQUrl@@AEBV?$QMap@VQString@@VQVariant@@@@@Z
            4C894C2420488BDA4C8BCA488BF9488D15........E8:
              0. 00 0000 00A3 0000:??0QAbstractOAuth2Private@@QEAA@AEBU?$QPair@VQString@@V1@@@AEBVQUrl@@PEAVQNetworkAccessManager@@@Z
      10:
        4889:
          4C24085556574154415541564157488DAC2440FFFFFF4881EC:
            0. 13 D34D 08B3 0000:?networkReplyFinished@QOAuthOobReplyHandler@@MEAAXPEAVQNetworkReply@@@Z
          6C2418:
            488974242057:
              415641574883EC4083642460004C8BF9:
                0. 0F ADE5 00AB 0000:??0QOAuth2AuthorizationCodeFlow@@QEAA@AEBVQString@@PEAVQNetworkAccessManager@@PEAVQObject@@@Z
              4883EC:
                20:
                  488B01488BF2488BD9488BCE:
                    0. 0F 4A01 0084 0000:??$convertTo@VQByteArray@@@?$QStringBuilder@VQByteArray@@$$BY01D@@AEBA?AVQByteArray@@XZ
                  4C8B:
                    01488BF9488BF24D8B10:
                      0. 33 3720 00A8 0000:??$convertTo@VQByteArray@@@?$QStringBuilder@V?$QStringBuilder@V?$QStringBuilder@VQByteArray@@V1@@@VQByteArray@@@@VQByteArray@@@@AEBA?AVQByteArray@@XZ
                    11488BD9488BFA4D8B02:
                      0. 40 9D07 00F5 0000:??$convertTo@VQByteArray@@@?$QStringBuilder@V?$QStringBuilder@V?$QStringBuilder@V?$QStringBuilder@VQByteArray@@V1@@@VQByteArray@@@@VQByteArray@@@@VQByteArray@@@@AEBA?AVQByteArray@@XZ
                308364244000488BF9B9600100:
                  0. 0B 6DEC 00A8 0000:??0QOAuth1@@QEAA@AEBVQString@@0PEAVQNetworkAccessManager@@PEAVQObject@@@Z
                40488B5908488BF9488BCB498B:
                  0. 05 5BF9 00CC 0000:?head@QOAuth1@@UEAAPEAVQNetworkReply@@AEBVQUrl@@AEBV?$QMap@VQString@@VQVariant@@@@@Z
            565741564883EC:
              308364245000:
                488BD9B96001000049:
                  0. 06 55E8 0127 0000:??0QAbstractOAuth2@@QEAA@PEAVQNetworkAccessManager@@PEAVQObject@@@Z
                4C8BF1B98001000049:
                  0. 09 701C 00B1 0000:??0QOAuth2AuthorizationCodeFlow@@QEAA@AEBVQUrl@@0PEAVQNetworkAccessManager@@PEAVQObject@@@Z
              4083642460004C8BF1B93000000049:
                0. 09 9CC2 00E3 0000:??0QOAuth1Signature@@QEAA@AEBVQUrl@@W4HttpRequestMethod@0@AEBV?$QMap@VQString@@VQVariant@@@@@Z
          742418:
            48897C2420:
              41564883EC20:
                488B02BB010000004C8B19:
                  0. 57 0CCF 00E7 0000:??$appendToByteArray@V?$QStringBuilder@VQByteArray@@D@@VQByteArray@@@QtStringBuilder@@YAAEAVQByteArray@@AEAV1@AEBV?$QStringBuilder@V?$QStringBuilder@VQByteArray@@D@@VQByteArray@@@@D@Z
                4C8B024C8BF2488BF1488B:
                  0. 4D E1E4 0130 0000:??$?YV?$QStringBuilder@V?$QStringBuilder@VQString@@VQLatin1String@@@@VQString@@@@UQLatin1Char@@@@YAAEAVQString@@AEAV0@AEBV?$QStringBuilder@V?$QStringBuilder@V?$QStringBuilder@VQString@@VQLatin1String@@@@VQString@@@@UQLatin1Char@@@@@Z
              55:
                4154415541564157488BEC4883EC:
                  6048:
                    0. 06 507B 01B2 0000:?requestTemporaryCredentials@QOAuth1@@IEAAPEAVQNetworkReply@@W4Operation@QNetworkAccessManager@@AEBVQUrl@@AEBV?$QMap@VQString@@VQVariant@@@@@Z
                  704C:
                    0. 05 E602 0238 0000:?prepareRequestImpl@QOAuth1Private@@UEAAXPEAVQNetworkRequest@@AEBVQByteArray@@1@Z
                488BEC4883EC:
                  50488B01488BFA488BD9:
                    0. 06 E52F 00B6 0000:??A?$QMap@PEAVQTcpSocket@@UQHttpRequest@QOAuthHttpServerReplyHandlerPrivate@@@@QEAAAEAUQHttpRequest@QOAuthHttpServerReplyHandlerPrivate@@AEBQEAVQTcpSocket@@@Z
                  60488B:
                    5908488BF9488D:
                      0. 09 65FB 010E 0000:?grant@QOAuth2AuthorizationCodeFlow@@UEAAXXZ
                    F2498BF9488B51:
                      0. 2D F6BE 019B 0000:?createAuthenticatedUrl@QAbstractOAuth2@@UEAA?AVQUrl@@AEBV2@AEBV?$QMap@VQString@@VQVariant@@@@@Z
            555741:
              5441564157488BEC4883EC708BF2488D05:
                0. 00 0000 01BF 0000:?appendSignature@QOAuth1Private@@QEAAXW4Stage@QAbstractOAuth@@PEAV?$QMap@VQString@@VQVariant@@@@AEBVQUrl@@W4Operation@QNetworkAccessManager@@V4@@Z (l)01BF:$LN137
              5541564157488D6C24F04881EC10010000488B:
                0. 28 74CD 0419 0000:?buildAuthenticateUrl@QOAuth2AuthorizationCodeFlow@@IEAA?AVQUrl@@AEBV?$QMap@VQString@@VQVariant@@@@@Z (l)0419:$LN254
              56488BEC48:
                81EC80000000488B7908488BF248:
                  0. 0D D9C5 01D5 0000:?setup@QOAuth1@@IEAAXPEAVQNetworkRequest@@AEBV?$QMap@VQString@@VQVariant@@@@AEBVQByteArray@@@Z
                83EC:
                  50488B5908488BF9488BCB49:
                    0. 06 99C0 0108 0000:?get@QOAuth1@@UEAAPEAVQNetworkReply@@AEBVQUrl@@AEBV?$QMap@VQString@@VQVariant@@@@@Z (0056: 02)
                    1. 06 99C0 0108 0000:?deleteResource@QOAuth1@@UEAAPEAVQNetworkReply@@AEBVQUrl@@AEBV?$QMap@VQString@@VQVariant@@@@@Z (0056: 05)
                  60488B7908488BF2488BD94D:
                    0. 0D C96E 0179 0000:?resourceOwnerAuthorization@QOAuth2AuthorizationCodeFlow@@MEAAXAEBVQUrl@@AEBV?$QMap@VQString@@VQVariant@@@@@Z
                  70488B5908488BF9488BCB49:
                    0. 06 99C0 0153 0000:?post@QOAuth1@@UEAAPEAVQNetworkReply@@AEBVQUrl@@AEBV?$QMap@VQString@@VQVariant@@@@@Z (0044: D0)
                    1. 06 99C0 0155 0000:?put@QOAuth1@@UEAAPEAVQNetworkReply@@AEBVQUrl@@AEBV?$QMap@VQString@@VQVariant@@@@@Z (0044: D2)
            57:
              415641574883EC20488D05........488BF2488902:
                0. 0B 1766 0109 0000:?uniqueKeys@?$QMap@VQString@@VQVariant@@@@QEBA?AV?$QList@VQString@@@@XZ
              4883EC:
                20:
                  0FB7FA488BF1BA04000000488D4C243049:
                    0. 03 3B19 0062 0000:??0QOAuthHttpServerReplyHandler@@QEAA@GPEAVQObject@@@Z
                  488B:
                    01498BF8488BF2488BD94885C0740A:
                      0. 06 5D9A 0051 0000:?insert@QOAuth1Signature@@QEAAXAEBVQString@@AEBVQVariant@@@Z
                    DA488BF1E8........488B3B48837F:
                      0. 21 D8C9 00A5 0000:?createQuery@QAbstractOAuthPrivate@@SA?AVQUrlQuery@@AEBV?$QMap@VQString@@VQVariant@@@@@Z
                30488BF1498BD8488D4C2440488BFAE8:
                  0. 00 0000 00E9 0000:??0QOAuth1Private@@QEAA@AEBU?$QPair@VQString@@V1@@@PEAVQNetworkAccessManager@@@Z
                50488B7908488BF1488D4C2430498BD8E8:
                  0. 00 0000 00B4 0000:?get@QAbstractOAuth2@@UEAAPEAVQNetworkReply@@AEBVQUrl@@AEBV?$QMap@VQString@@VQVariant@@@@@Z (REF 0048: ?get@QNetworkAccessManager@@QEAAPEAVQNetworkReply@@AEBVQNetworkRequest@@@Z)
                  1. 00 0000 00B4 0000:?head@QAbstractOAuth2@@UEAAPEAVQNetworkReply@@AEBVQUrl@@AEBV?$QMap@VQString@@VQVariant@@@@@Z (REF 0048: ?head@QNetworkAccessManager@@QEAAPEAVQNetworkReply@@AEBVQNetworkRequest@@@Z)
                  2. 00 0000 00B4 0000:?deleteResource@QAbstractOAuth2@@UEAAPEAVQNetworkReply@@AEBVQUrl@@AEBV?$QMap@VQString@@VQVariant@@@@@Z (REF 0048: ?deleteResource@QNetworkAccessManager@@QEAAPEAVQNetworkReply@@AEBVQNetworkRequest@@@Z)
          7C24:
            1855488BEC4883EC:
              50488D05........C6451026488901:
                0. 0E 7A5E 00D5 0000:?plainText@QOAuth1Signature@@SA?AVQByteArray@@AEBVQString@@0@Z
              60488BFA488BD9488D913801000048:
                0. 04 29EF 012A 0000:?prepareRequestImpl@QAbstractOAuth2Private@@UEAAXPEAVQNetworkRequest@@AEBVQByteArray@@1@Z
            2041564883EC208364243000488BF9488BCA488BDAE8:
              0. 00 0000 0121 0000:?fromLatin1@QString@@SA?AV1@AEBVQByteArray@@@Z (001E: 58)
              1. 00 0000 0122 0000:?fromUtf8@QString@@SA?AV1@AEBVQByteArray@@@Z (001E: 59)
        55:
          488BEC4883EC40448B8118010000488BDA4585C074604183F801:
            0. 09 8FC1 00EA 0000:?addContentTypeHeaders@QAbstractOAuthPrivate@@QEAAXPEAVQNetworkRequest@@@Z
          5657:
            4154415541564157488D:
              6C24:
                904881EC70010000488B5908:
                  0. 03 616D 0699 0000:?requestAccessToken@QOAuth2AuthorizationCodeFlow@@IEAAXAEBVQString@@@Z (l)0699:$LN500
                D94881ECB0000000488B5908:
                  0. 11 D6F9 0365 0000:?setup@QOAuth1@@IEAAXPEAVQNetworkRequest@@AEBV?$QMap@VQString@@VQVariant@@@@W4Operation@QNetworkAccessManager@@@Z
              AC2450FFFFFF4881ECB00100004C:
                0. 2D 19C5 069F 0000:?_q_handleCallback@QOAuth2AuthorizationCodeFlowPrivate@@QEAAXAEBV?$QMap@VQString@@VQVariant@@@@@Z
            4883EC:
              20488BE9488D4C2440E8........488B5C24404883:
                0. 18 6C3E 008C 0000:?unite@?$QMap@VQString@@VQVariant@@@@QEAAAEAV1@AEBV1@@Z
              50488B7908488BE9488D4C2430498BF0E8:
                0. 0F 7788 00B7 0000:?post@QAbstractOAuth2@@UEAAPEAVQNetworkReply@@AEBVQUrl@@PEAVQHttpMultiPart@@@Z (002B: 89) (REF 0048: ?post@QNetworkAccessManager@@QEAAPEAVQNetworkReply@@AEBVQNetworkRequest@@PEAVQHttpMultiPart@@@Z)
                1. 0F 7788 00B7 0000:?post@QAbstractOAuth2@@UEAAPEAVQNetworkReply@@AEBVQUrl@@AEBVQByteArray@@@Z (002B: 89) (REF 0048: ?post@QNetworkAccessManager@@QEAAPEAVQNetworkReply@@AEBVQNetworkRequest@@AEBVQByteArray@@@Z)
                2. 0F 7788 00B8 0000:?put@QAbstractOAuth2@@UEAAPEAVQNetworkReply@@AEBVQUrl@@PEAVQHttpMultiPart@@@Z (002B: 8D) (REF 0048: ?put@QNetworkAccessManager@@QEAAPEAVQNetworkReply@@AEBVQNetworkRequest@@PEAVQHttpMultiPart@@@Z)
                3. 0F 7788 00B8 0000:?put@QAbstractOAuth2@@UEAAPEAVQNetworkReply@@AEBVQUrl@@AEBVQByteArray@@@Z (002B: 8D) (REF 0048: ?put@QNetworkAccessManager@@QEAAPEAVQNetworkReply@@AEBVQNetworkRequest@@AEBVQByteArray@@@Z)
        574883EC:
          20:
            488B:
              01488BFA488BD94885C0740A8338017405E8:
                0. 00 0000 0078 0000:?setParameters@QOAuth1Signature@@QEAAXAEBV?$QMap@VQString@@VQVariant@@@@@Z
              02488BF9483901745D488D4C2430E8........48:
                0. 34 2B0C 0080 0000:??4?$QMap@VQByteArray@@V1@@@QEAAAEAV0@AEBV0@@Z
              DA488BF9:
                488B4908488D542430E8........488B:
                  0. 3F 3221 0071 0000:?put@QAbstractOAuth2@@UEAAPEAVQNetworkReply@@AEBVQUrl@@AEBV?$QMap@VQString@@VQVariant@@@@@Z
                  1. 3F EF80 0071 0000:?post@QAbstractOAuth2@@UEAAPEAVQNetworkReply@@AEBVQUrl@@AEBV?$QMap@VQString@@VQVariant@@@@@Z
                BA04000000488D4C2430E8........45:
                  0. 0E 5634 0054 0000:??0QOAuthHttpServerReplyHandler@@QEAA@PEAVQObject@@@Z
            4D8BC8488D3D........4C8BC248897C2430488D5424:
              0. 05 E62E 0071 0000:??0QOAuth2AuthorizationCodeFlow@@QEAA@PEAVQNetworkAccessManager@@PEAVQObject@@@Z
          30:
            488BDA488BF933D2E8........834C2420FF488D5710:
              0. 06 B222 009A 0000:??0QOAuthHttpServerReplyHandlerPrivate@@QEAA@PEAVQOAuthHttpServerReplyHandler@@@Z
            498BC04D8BD148894424284C8D89280100008B442460:
              0. 1A 1468 0066 0000:?generateSignature@QOAuth1Private@@QEBA?AVQByteArray@@AEBV?$QMap@VQString@@VQVariant@@@@AEBVQUrl@@W4Operation@QNetworkAccessManager@@@Z
            4D8BD1498BC04C8D892801000048894424284C8D8120:
              0. 1A 6062 0075 0000:?generateSignature@QOAuth1Private@@QEBA?AVQByteArray@@AEBV?$QMap@VQString@@VQVariant@@@@AEBVQUrl@@AEBV2@@Z
          40488B01488BD9FF506083642428004C8D05........48:
            0. 0A 1D69 009B 0000:?_q_clientConnected@QOAuthHttpServerReplyHandlerPrivate@@AEAAXXZ
      18:
        48897C242055488BEC4881EC80000000488B05........4833C448:
          0. 05 5BDF 01D3 0000:?generateRandomString@QAbstractOAuthPrivate@@SA?AVQByteArray@@E@Z
        55565741:
          5441:
            5541564157488DAC2470FFFFFF4881EC900100004C:
              0. 06 0BC1 06AF 0000:?_q_answerClient@QOAuthHttpServerReplyHandlerPrivate@@AEAAXPEAVQTcpSocket@@AEBVQUrl@@@Z
            56488D6C24C94881EC900000008A8158010000488B:
              0. 2D 68FB 025B 0000:?_q_tokensReceived@QOAuth1Private@@QEAAXAEBV?$QMap@VQString@@VQVariant@@@@@Z
          564157488BEC4883EC50488D05........498BF8488902:
            0. 21 E164 01C8 0000:?convertParameters@QAbstractOAuthPrivate@@QEAA?AVQByteArray@@AEBV?$QMap@VQString@@VQVariant@@@@@Z
        574883EC:
          20:
            488B8170010000498BF84C8BCA488BD94885C0740F83:
              0. 22 E65E 00C6 0000:?_q_authenticate@QOAuth2AuthorizationCodeFlowPrivate@@QEAAXPEAVQNetworkReply@@PEAVQAuthenticator@@@Z
            8364243000488BFA488B4908488B81B00000004885C0:
              0. 6A 5734 0108 0000:?callback@QAbstractOAuth@@IEBA?AVQString@@XZ
          70488B05........4833C44889442460488BF9488BDA48:
            0. FC 7970 012E 0000:?_Swap@?$_Func_class@XW4Stage@QAbstractOAuth@@PEAV?$QMap@VQString@@VQVariant@@@@@std@@IEAAXAEAV12@@Z
      20574883EC208B05........85C00F8500010000488D0D........E8:
        0. 00 0000 0123 0000:?qt_metatype_id@?$QMetaTypeIdQObject@W4SignatureMethod@QOAuth1@@$0BA@@@SAHXZ
    74240855488BEC4883EC60488365C000488BF1488B4A08488D15:
      0. 0B BC80 0165 0000:?call@?$FunctorCall@U?$IndexesList@$0A@@QtPrivate@@U?$List@AEBV?$QMap@VQString@@VQVariant@@@@@2@XV<lambda_9a7b39314bafb0e7f0e18525b48ae430>@@@QtPrivate@@SAXAEAV<lambda_9a7b39314bafb0e7f0e18525b48ae430>@@PEAPEAX@Z
  8B:
    01:
      488B48:
        0848890A8B01FFC083F8017603F0FF01488BC2C3:
          0. 00 0000 001A 0000:?customMethodString@QOAuth1Signature@@QEBA?AVQByteArray@@XZ
        1848890A8B01FFC083F8017603F0FF01488BC2C3:
          0. 00 0000 001A 0000:?clientSharedKey@QOAuth1Signature@@QEBA?AVQString@@XZ
        2048890A8B01FFC083F8017603F0FF01488BC2C3:
          0. 00 0000 001A 0000:?tokenSecret@QOAuth1Signature@@QEBA?AVQString@@XZ
      8B4004C3:
        0. 00 0000 0007 0000:?httpRequestMethod@QOAuth1Signature@@QEBA?AW4HttpRequestMethod@1@XZ
    02:
      4889014885C07403F0FF00488BC1C3:
        0. 00 0000 0012 0000:??0QOAuth1Signature@@QEAA@AEBV0@@Z
      4C8B014889014C8902C3:
        0. 00 0000 000D 0000:?swap@QOAuth1Signature@@QEAAXAEAV1@@Z
    41:
      08:
        488B88:
          2001000048890A8B01FFC083F8017603F0FF01488BC2C3:
            0. 00 0000 001E 0000:?clientSharedSecret@QOAuth1@@QEBA?AVQString@@XZ
            1. 00 0000 001E 0000:?clientIdentifierSharedKey@QAbstractOAuth2@@QEBA?AVQString@@XZ
          2801000048890A8B01FFC083F8017603F0FF01488BC2C3:
            0. 00 0000 001E 0000:?tokenSecret@QOAuth1@@QEBA?AVQString@@XZ
            1. 00 0000 001E 0000:?scope@QAbstractOAuth2@@QEBA?AVQString@@XZ
          3001000048890A8B01FFC083F8017603F0FF01488BC2C3:
            0. 00 0000 001E 0000:?state@QAbstractOAuth2@@QEBA?AVQString@@XZ
          3801000048890A8B01FFC083F8017603F0FF01488BC2C3:
            0. 00 0000 001E 0000:?userAgent@QAbstractOAuth2@@QEBA?AVQString@@XZ
          4001000048890A8B01FFC083F8017603F0FF01488BC2C3:
            0. 00 0000 001E 0000:?responseType@QAbstractOAuth2@@QEBA?AVQString@@XZ
          5801000048890A8B01FFC083F8017603F0FF01488BC2C3:
            0. 00 0000 001E 0000:?refreshToken@QAbstractOAuth2@@QEBA?AVQString@@XZ
          8800000048890A8B01FFC083F8017603F0FF01488BC2C3:
            0. 00 0000 001E 0000:?clientIdentifier@QAbstractOAuth@@QEBA?AVQString@@XZ
          9000000048890A8B01FFC083F8017603F0FF01488BC2C3:
            0. 00 0000 001E 0000:?token@QAbstractOAuth@@QEBA?AVQString@@XZ
        8B80:
          18010000C3:
            0. 00 0000 000B 0000:?contentType@QAbstractOAuth@@QEBA?AW4ContentType@1@XZ
          48010000C3:
            0. 00 0000 000B 0000:?signatureMethod@QOAuth1@@QEBA?AW4SignatureMethod@1@XZ
          A8000000C3:
            0. 00 0000 000B 0000:?status@QAbstractOAuth@@QEBA?AW4Status@1@XZ
      1048:
        85C0742C488B1233C9483950187209488BC8488B4008EB04488B40:
          0. 18 7323 0038 0000:?findNode@?$QMapData@PEAVQTcpSocket@@UQHttpRequest@QOAuthHttpServerReplyHandlerPrivate@@@@QEBAPEAU?$QMapNode@PEAVQTcpSocket@@UQHttpRequest@QOAuthHttpServerReplyHandlerPrivate@@@@AEBQEAVQTcpSocket@@@Z
        8B48:
          1048890A8B01FFC083F8017603F0FF01488BC2C3:
            0. 00 0000 001B 0000:?callbackText@QOAuthHttpServerReplyHandler@@QEBA?AVQString@@XZ
          2048890A8B01FFC083F8017603F0FF01488BC2C3:
            0. 00 0000 001B 0000:?callbackPath@QOAuthHttpServerReplyHandler@@QEBA?AVQString@@XZ
    49:
      08:
        48:
          81C1D8000000E9:
            0. 00 0000 0010 0000:?setModifyParametersFunction@QAbstractOAuth@@QEAAXAEBV?$function@$$A6AXW4Stage@QAbstractOAuth@@PEAV?$QMap@VQString@@VQVariant@@@@@Z@std@@@Z
          837928000F85........488D05........C3:
            0. 00 0000 0017 0000:?metaObject@QOAuth2AuthorizationCodeFlow@@UEBAPEBUQMetaObject@@XZ (REF 0012: ?staticMetaObject@QOAuth2AuthorizationCodeFlow@@2UQMetaObject@@B)
            1. 00 0000 0017 0000:?metaObject@QAbstractOAuthReplyHandler@@UEBAPEBUQMetaObject@@XZ (REF 0012: ?staticMetaObject@QAbstractOAuthReplyHandler@@2UQMetaObject@@B)
            2. 00 0000 0017 0000:?metaObject@QOAuthOobReplyHandler@@UEBAPEBUQMetaObject@@XZ (REF 0012: ?staticMetaObject@QOAuthOobReplyHandler@@2UQMetaObject@@B)
            3. 00 0000 0017 0000:?metaObject@QAbstractOAuth2@@UEBAPEBUQMetaObject@@XZ (REF 0012: ?staticMetaObject@QAbstractOAuth2@@2UQMetaObject@@B)
            4. 00 0000 0017 0000:?metaObject@QAbstractOAuth@@UEBAPEBUQMetaObject@@XZ (REF 0012: ?staticMetaObject@QAbstractOAuth@@2UQMetaObject@@B)
            5. 00 0000 0017 0000:?metaObject@QOAuth1@@UEBAPEBUQMetaObject@@XZ (REF 0012: ?staticMetaObject@QOAuth1@@2UQMetaObject@@B)
            6. 00 0000 0017 0000:?metaObject@QOAuthHttpServerReplyHandler@@UEBAPEBUQMetaObject@@XZ (REF 0012: ?staticMetaObject@QOAuthHttpServerReplyHandler@@2UQMetaObject@@B)
          8B0148FF6008:
            0. 00 0000 000B 0000:?prepareRequest@QAbstractOAuth@@QEAAXPEAVQNetworkRequest@@AEBVQByteArray@@1@Z
        BA01000000E9:
          0. 00 0000 000E 0000:?_q_onTokenRequestError@QOAuth1Private@@QEAAXW4NetworkError@QNetworkReply@@@Z
        C6815801000001E9:
          0. 00 0000 0010 0000:?requestTokenCredentials@QOAuth1@@IEAAPEAVQNetworkReply@@W4Operation@QNetworkAccessManager@@AEBVQUrl@@AEBU?$QPair@VQString@@V1@@@AEBV?$QMap@VQString@@VQVariant@@@@@Z
      10:
        4883C110E9:
          0. 00 0000 000D 0000:?setCallbackText@QOAuthHttpServerReplyHandler@@QEAAXAEBVQString@@@Z
        E9:
          0. 00 0000 0009 0000:?isListening@QOAuthHttpServerReplyHandler@@QEBA_NXZ (REF 0005: ?isListening@QTcpServer@@QEBA_NXZ)
          1. 00 0000 0009 0000:?listen@QOAuthHttpServerReplyHandler@@QEAA_NAEBVQHostAddress@@G@Z (REF 0005: ?listen@QTcpServer@@QEAA_NAEBVQHostAddress@@G@Z)
          2. 00 0000 0009 0000:?port@QOAuthHttpServerReplyHandler@@QEBAGXZ (REF 0005: ?serverPort@QTcpServer@@QEBAGXZ)
          3. 00 0000 0009 0000:?close@QOAuthHttpServerReplyHandler@@QEAAXXZ (REF 0005: ?close@QTcpServer@@QEAAXXZ)
    510833C0488B8A:
      B00000004885C9740E3941047409488B8AB8000000EB03:
        0. 29 0989 0049 0000:?replyHandler@QAbstractOAuth@@QEBAPEAVQAbstractOAuthReplyHandler@@XZ
      C80000004885C9740C3941047407488B82D0000000C3:
        0. 00 0000 001F 0000:?networkAccessManager@QAbstractOAuth@@QEBAPEAVQNetworkAccessManager@@XZ
    C4488958:
      084889:
        6810:
          488970:
            184889782041564883EC:
              208BEA448D72FF48:
                0. 19 2BD2 0093 0000:??R?$_Rng_from_urng@IV?$mersenne_twister_engine@I$0CA@$0CHA@$0BIN@$0BP@$0JJAILANP@$0L@$0PPPPPPPP@$06$0JNCMFGIA@$0P@$0OPMGAAAA@$0BC@$0GMAHIJGF@@std@@@std@@QEAAII@Z
              30488B01498BE94D:
                0. 0E E5AA 00C8 0000:?insertMulti@?$QMap@VQString@@VQVariant@@@@QEAA?AViterator@1@AEBVQString@@AEBVQVariant@@@Z
            204C894018574883EC50488BE9498BF9B928:
              0. 07 AB7E 00B1 0000:??$connect@P8QNetworkReply@@EAAXXZV?$_Binder@U_Unforced@std@@P8QAbstractOAuth@@EAAXPEAVQNetworkReply@@@ZQEAVQOAuth1@@AEAPEAV4@@std@@@QObject@@SA?AVConnection@QMetaObject@@PEBVQNetworkReply@@P83@EAAXXZPEBV0@V?$_Binder@U_Unforced@std@@P8QAbstractOAuth@@EAAXPEAVQNetworkReply@@@ZQEAVQOAuth1@@AEAPEAV4@@std@@W4ConnectionType@Qt@@@Z (REF 0053: ?impl@?$QFunctorSlotObject@V?$_Binder@U_Unforced@std@@P8QAbstractOAuth@@EAAXPEAVQNetworkReply@@@ZQEAVQOAuth1@@AEAPEAV4@@std@@$0A@U?$List@$$V@QtPrivate@@X@QtPrivate@@CAXHPEAVQSlotObjectBase@2@PEAVQObject@@PEAPEAXPEA_N@Z)
              1. 07 AB7E 00B1 0000:??$connect@P8QNetworkReply@@EAAXXZV?$_Binder@U_Unforced@std@@P8QAbstractOAuth@@EAAXPEAVQNetworkReply@@@ZQEAVQAbstractOAuth2@@AEAPEAV4@@std@@@QObject@@SA?AVConnection@QMetaObject@@PEBVQNetworkReply@@P83@EAAXXZPEBV0@V?$_Binder@U_Unforced@std@@P8QAbstractOAuth@@EAAXPEAVQNetworkReply@@@ZQEAVQAbstractOAuth2@@AEAPEAV4@@std@@W4ConnectionType@Qt@@@Z (REF 0053: ?impl@?$QFunctorSlotObject@V?$_Binder@U_Unforced@std@@P8QAbstractOAuth@@EAAXPEAVQNetworkReply@@@ZQEAVQAbstractOAuth2@@AEAPEAV4@@std@@$0A@U?$List@$$V@QtPrivate@@X@QtPrivate@@CAXHPEAVQSlotObjectBase@2@PEAVQObject@@PEAPEAXPEA_N@Z)
          574883EC408B19488BFA8348E8FFBD000000804889:
            0. 1C DFCE 0069 0000:??$?RV?$mersenne_twister_engine@I$0CA@$0CHA@$0BIN@$0BP@$0JJAILANP@$0L@$0PPPPPPPP@$06$0JNCMFGIA@$0P@$0OPMGAAAA@$0BC@$0GMAHIJGF@@std@@@?$uniform_int@H@std@@QEBAHAEAV?$mersenne_twister_engine@I$0CA@$0CHA@$0BIN@$0BP@$0JJAILANP@$0L@$0PPPPPPPP@$06$0JNCMFGIA@$0P@$0OPMGAAAA@$0BC@$0GMAHIJGF@@1@@Z
        70:
          104889781855488D68A14881ECA000000033F6498BD9:
            0. 54 E731 076B 0000:?qt_static_metacall@QAbstractOAuth2@@CAXPEAVQObject@@W4Call@QMetaObject@@HPEAPEAX@Z
          18:
            48897820:
              488950105541554156488BEC4883EC4048:
                0. 11 4559 0291 0000:?_q_readData@QOAuthHttpServerReplyHandlerPrivate@@AEAAXPEAVQTcpSocket@@@Z
              89501041564883EC20488B11488BD94963:
                0. 16 833F 0126 0000:?detach_helper_grow@?$QList@VQString@@@@AEAAPEAUNode@1@HH@Z
            4C8948208950105557415441554157488DA848FFFF:
              0. 15 2074 067F 0000:?requestToken@QOAuth1Private@@QEAAPEAVQNetworkReply@@W4Operation@QNetworkAccessManager@@AEBVQUrl@@AEBU?$QPair@VQString@@V1@@@AEBV?$QMap@VQString@@VQVariant@@@@@Z
      10564883EC30488D35........4C8940E84C8BCA488970084C8D:
        0. 0E CBCC 00AA 0000:??0QOAuth1@@QEAA@PEAVQNetworkAccessManager@@PEAVQObject@@@Z
  8D:
    05........48:
      89:
        01E9:
          0. 00 0000 000F 0000:??1QAbstractOAuthReplyHandler@@UEAA@XZ (REF 0003: ??_7QAbstractOAuthReplyHandler@@6B@)
          1. 00 0000 000F 0000:??1QAbstractOAuth2@@UEAA@XZ (REF 0003: ??_7QAbstractOAuth2@@6B@)
          2. 00 0000 000F 0000:??1QAbstractOAuth@@UEAA@XZ (REF 0003: ??_7QAbstractOAuth@@6B@)
          3. 00 0000 000F 0000:??1QOAuth2AuthorizationCodeFlow@@UEAA@XZ (REF 0003: ??_7QOAuth2AuthorizationCodeFlow@@6B@)
        02488BC2C3:
          0. 00 0000 000E 0000:?callback@QOAuthOobReplyHandler@@UEBA?AVQString@@XZ
      8D0D........488905........E9:
        0. 00 0000 001A (l)0000:??__E?accessToken@OAuth2KeyString@QAbstractOAuth2Private@@2VQString@@B@@YAXXZ (REF 0003: ?qstring_literal@?1???R<lambda_2ad5718db02a14fe9870bec9aad96360>@@QEBA?AVQString@@XZ@4U?$QStaticStringData@$0M@@@B)
        1. 00 0000 001A (l)0000:??__E?apiKey@OAuth2KeyString@QAbstractOAuth2Private@@2VQString@@B@@YAXXZ (REF 0003: ?qstring_literal@?1???R<lambda_e1cc2546b499249224832624318c7bd0>@@QEBA?AVQString@@XZ@4U?$QStaticStringData@$06@@B)
        2. 00 0000 001A (l)0000:??__E?clientIdentifier@OAuth2KeyString@QAbstractOAuth2Private@@2VQString@@B@@YAXXZ (REF 0003: ?qstring_literal@?1???R<lambda_4ec4ca7d1d95bfddb69f3a74408a1db4>@@QEBA?AVQString@@XZ@4U?$QStaticStringData@$08@@B)
        3. 00 0000 001A (l)0000:??__E?clientSharedSecret@OAuth2KeyString@QAbstractOAuth2Private@@2VQString@@B@@YAXXZ (REF 0003: ?qstring_literal@?1???R<lambda_d5cb7433288dda3c6e88c339aa6e1417>@@QEBA?AVQString@@XZ@4U?$QStaticStringData@$0N@@@B)
        4. 00 0000 001A (l)0000:??__E?code@OAuth2KeyString@QAbstractOAuth2Private@@2VQString@@B@@YAXXZ (REF 0003: ?qstring_literal@?1???R<lambda_8ccece7a60b8942f0817032e6d782c58>@@QEBA?AVQString@@XZ@4U?$QStaticStringData@$03@@B)
        5. 00 0000 001A (l)0000:??__E?error@OAuth2KeyString@QAbstractOAuth2Private@@2VQString@@B@@YAXXZ (REF 0003: ?qstring_literal@?1???R<lambda_d791726e590bf2106f5e4ac50684b2ce>@@QEBA?AVQString@@XZ@4U?$QStaticStringData@$04@@B)
        6. 00 0000 001A (l)0000:??__E?errorDescription@OAuth2KeyString@QAbstractOAuth2Private@@2VQString@@B@@YAXXZ (REF 0003: ?qstring_literal@?1???R<lambda_e4169c95736d6ae2117acc5623d54335>@@QEBA?AVQString@@XZ@4U?$QStaticStringData@$0BB@@@B)
        7. 00 0000 001A (l)0000:??__E?errorUri@OAuth2KeyString@QAbstractOAuth2Private@@2VQString@@B@@YAXXZ (REF 0003: ?qstring_literal@?1???R<lambda_913047272dd9b4ef536f2d457900c99e>@@QEBA?AVQString@@XZ@4U?$QStaticStringData@$08@@B)
        8. 00 0000 001A (l)0000:??__E?expiresIn@OAuth2KeyString@QAbstractOAuth2Private@@2VQString@@B@@YAXXZ (REF 0003: ?qstring_literal@?1???R<lambda_88c45d4f02361d1f9283cd24889de0a5>@@QEBA?AVQString@@XZ@4U?$QStaticStringData@$09@@B)
        9. 00 0000 001A (l)0000:??__E?grantType@OAuth2KeyString@QAbstractOAuth2Private@@2VQString@@B@@YAXXZ (REF 0003: ?qstring_literal@?1???R<lambda_760c0f5242624034ce64ae80ae13b4d2>@@QEBA?AVQString@@XZ@4U?$QStaticStringData@$09@@B)
        10. 00 0000 001A (l)0000:??__E?redirectUri@OAuth2KeyString@QAbstractOAuth2Private@@2VQString@@B@@YAXXZ (REF 0003: ?qstring_literal@?1???R<lambda_6afc4532bfa25b9b26470534a6fc4fba>@@QEBA?AVQString@@XZ@4U?$QStaticStringData@$0M@@@B)
        11. 00 0000 001A (l)0000:??__E?refreshToken@OAuth2KeyString@QAbstractOAuth2Private@@2VQString@@B@@YAXXZ (REF 0003: ?qstring_literal@?1???R<lambda_a7cf4d5fe15cd80b44306689b6b3d502>@@QEBA?AVQString@@XZ@4U?$QStaticStringData@$0N@@@B)
        12. 00 0000 001A (l)0000:??__E?responseType@OAuth2KeyString@QAbstractOAuth2Private@@2VQString@@B@@YAXXZ (REF 0003: ?qstring_literal@?1???R<lambda_e83d322dc605a2d5668b80cc9c9c31df>@@QEBA?AVQString@@XZ@4U?$QStaticStringData@$0N@@@B)
        13. 00 0000 001A (l)0000:??__E?scope@OAuth2KeyString@QAbstractOAuth2Private@@2VQString@@B@@YAXXZ (REF 0003: ?qstring_literal@?1???R<lambda_c652bfc94af7d2a1119afc8991c02310>@@QEBA?AVQString@@XZ@4U?$QStaticStringData@$04@@B)
        14. 00 0000 001A (l)0000:??__E?state@OAuth2KeyString@QAbstractOAuth2Private@@2VQString@@B@@YAXXZ (REF 0003: ?qstring_literal@?1???R<lambda_4b42111ed51ba3bc0a447cefc0ba3b88>@@QEBA?AVQString@@XZ@4U?$QStaticStringData@$04@@B)
        15. 00 0000 001A (l)0000:??__E?tokenType@OAuth2KeyString@QAbstractOAuth2Private@@2VQString@@B@@YAXXZ (REF 0003: ?qstring_literal@?1???R<lambda_53642089b0b8d206da70b562684fedd2>@@QEBA?AVQString@@XZ@4U?$QStaticStringData@$09@@B)
        16. 00 0000 001A (l)0000:??__E?oauthCallback@OAuth1KeyString@QOAuth1Private@@2VQString@@B@@YAXXZ (REF 0003: ?qstring_literal@?1???R<lambda_f99c340aa94cb35dc81c508629d70fc6>@@QEBA?AVQString@@XZ@4U?$QStaticStringData@$0O@@@B)
        17. 00 0000 001A (l)0000:??__E?oauthCallbackConfirmed@OAuth1KeyString@QOAuth1Private@@2VQString@@B@@YAXXZ (REF 0003: ?qstring_literal@?1???R<lambda_89452c2ebb1d1ed0580a2da0b14ca46c>@@QEBA?AVQString@@XZ@4U?$QStaticStringData@$0BI@@@B)
        18. 00 0000 001A (l)0000:??__E?oauthConsumerKey@OAuth1KeyString@QOAuth1Private@@2VQString@@B@@YAXXZ (REF 0003: ?qstring_literal@?1???R<lambda_7a1b91fa177e074869885542bbbd76d1>@@QEBA?AVQString@@XZ@4U?$QStaticStringData@$0BC@@@B)
        19. 00 0000 001A (l)0000:??__E?oauthNonce@OAuth1KeyString@QOAuth1Private@@2VQString@@B@@YAXXZ (REF 0003: ?qstring_literal@?1???R<lambda_a9b275ccca61c3f5481a8ce7a2612215>@@QEBA?AVQString@@XZ@4U?$QStaticStringData@$0L@@@B)
        20. 00 0000 001A (l)0000:??__E?oauthSignature@OAuth1KeyString@QOAuth1Private@@2VQString@@B@@YAXXZ (REF 0003: ?qstring_literal@?1???R<lambda_762cb6818e81ce3960306c1a1298bb05>@@QEBA?AVQString@@XZ@4U?$QStaticStringData@$0P@@@B)
        21. 00 0000 001A (l)0000:??__E?oauthSignatureMethod@OAuth1KeyString@QOAuth1Private@@2VQString@@B@@YAXXZ (REF 0003: ?qstring_literal@?1???R<lambda_d511e501872cc3f7f420403637fc1b57>@@QEBA?AVQString@@XZ@4U?$QStaticStringData@$0BG@@@B)
        22. 00 0000 001A (l)0000:??__E?oauthTimestamp@OAuth1KeyString@QOAuth1Private@@2VQString@@B@@YAXXZ (REF 0003: ?qstring_literal@?1???R<lambda_7561761d7a85ce6c4a13cbc88b0959be>@@QEBA?AVQString@@XZ@4U?$QStaticStringData@$0P@@@B)
        23. 00 0000 001A (l)0000:??__E?oauthToken@OAuth1KeyString@QOAuth1Private@@2VQString@@B@@YAXXZ (REF 0003: ?qstring_literal@?1???R<lambda_4f1cb2dd55418d17a29f7b0c781f1c8b>@@QEBA?AVQString@@XZ@4U?$QStaticStringData@$0L@@@B)
        24. 00 0000 001A (l)0000:??__E?oauthTokenSecret@OAuth1KeyString@QOAuth1Private@@2VQString@@B@@YAXXZ (REF 0003: ?qstring_literal@?1???R<lambda_6047ac5c6ece0c458721608fe8fc9356>@@QEBA?AVQString@@XZ@4U?$QStaticStringData@$0BC@@@B)
        25. 00 0000 001A (l)0000:??__E?oauthVerifier@OAuth1KeyString@QOAuth1Private@@2VQString@@B@@YAXXZ (REF 0003: ?qstring_literal@?1???R<lambda_1b9ffbd7ab32a550e2952eec69b6841e>@@QEBA?AVQString@@XZ@4U?$QStaticStringData@$0O@@@B)
        26. 00 0000 001A (l)0000:??__E?oauthVersion@OAuth1KeyString@QOAuth1Private@@2VQString@@B@@YAXXZ (REF 0003: ?qstring_literal@?1???R<lambda_663074e668a92a52ff591649fe4642a5>@@QEBA?AVQString@@XZ@4U?$QStaticStringData@$0N@@@B)
    0D........E9:
      0. 00 0000 000C (l)0000:??__F?shared_null@QOAuth1SignaturePrivate@@2V1@A@@YAXXZ (REF 0003: ?shared_null@QOAuth1SignaturePrivate@@2V1@A)
      1. 00 0000 000C (l)0000:??__Fcategory@?1??loggingCategory@@YAAEBVQLoggingCategory@@XZ@YAXXZ (REF 0003: ?category@?1??loggingCategory@@YAAEBVQLoggingCategory@@XZ@4V2@B)
      2. 00 0000 000C (l)0000:??__Fcategory@?1??lcReplyHandler@@YAAEBVQLoggingCategory@@XZ@YAXXZ (REF 0003: ?category@?1??lcReplyHandler@@YAAEBVQLoggingCategory@@XZ@4V2@B)
493BD0746D48895C24084889742410574883EC20498BF9498BF0482BFA488BDA:
  0. 06 88CF 0073 0000:?node_copy@?$QList@U?$QPair@VQString@@V1@@@@@AEAAXPEAUNode@1@00@Z
4C:
  8B:
    4108498B88:
      8800000048890A8B01FFC083F8017603F0FF01498B88200100:
        0. 15 3A78 0035 0000:?clientCredentials@QOAuth1@@QEBA?AU?$QPair@VQString@@V1@@@XZ
      9000000048890A8B01FFC083F8017603F0FF01498B88280100:
        0. 15 3A78 0035 0000:?tokenCredentials@QOAuth1@@QEBA?AU?$QPair@VQString@@V1@@@XZ
    C94C8D91C409000041BBE3000000418B12413352040FBAF21F4133124D8D:
      0. A7 28E1 00C7 0000:?_Refill_lower@?$mersenne_twister@I$0CA@$0CHA@$0BIN@$0BP@$0JJAILANP@$0L@$06$0JNCMFGIA@$0P@$0OPMGAAAA@$0BC@@std@@IEAAXXZ
    DC:
      4883EC58488B05........4833C44889442440498363C800498953D048:
        0. 02 DF74 004F 0000:?error@QAbstractOAuth2@@QEAAXAEBVQString@@0AEBVQUrl@@@Z
      498953104883EC38498363E800498D43104D8D4BE8498943F041B80900:
        0. 05 5B74 0033 0000:?finished@QAbstractOAuth@@QEAAXPEAVQNetworkReply@@@Z
  8D4208E9:
    0. 00 0000 0009 0000:?setTokenCredentials@QOAuth1@@QEAAXAEBU?$QPair@VQString@@V1@@@@Z (REF 0005: ?setTokenCredentials@QOAuth1@@QEAAXAEBVQString@@0@Z)
    1. 00 0000 0009 0000:?setClientCredentials@QOAuth1@@QEAAXAEBU?$QPair@VQString@@V1@@@@Z (REF 0005: ?setClientCredentials@QOAuth1@@QEAAXAEBVQString@@0@Z)
85D2756F4585C0745F4183E80174504183E80174414183E80174324183E80174:
  0. 16 9040 00DF 0000:?qt_static_metacall@QOAuth1@@CAXPEAVQObject@@W4Call@QMetaObject@@HPEAPEAX@Z
895424104C8BDC4883EC38498363E800498D43104D8D4BE8498943F0:
  41B8:
    0200:
      0. 05 5B74 0033 0000:?statusChanged@QAbstractOAuth@@QEAAXW4Status@1@@Z
    0500:
      0. 05 5B74 0033 0000:?contentTypeChanged@QAbstractOAuth@@QEAAXW4ContentType@1@@Z
    0600:
      0. 05 5B74 0033 0000:?requestFailed@QAbstractOAuth@@QEAAXW4Error@1@@Z
  4533C048:
    0. 02 DF74 0030 0000:?signatureMethodChanged@QOAuth1@@QEAAXW4SignatureMethod@1@@Z
E9:
  0. 00 0000 0005 0000:?qt_metacall@QOAuthOobReplyHandler@@UEAAHW4Call@QMetaObject@@HPEAPEAX@Z (REF 0001: ?qt_metacall@QAbstractOAuthReplyHandler@@UEAAHW4Call@QMetaObject@@HPEAPEAX@Z)
  1. 00 0000 0005 0000:?qt_metacall@QOAuthHttpServerReplyHandler@@UEAAHW4Call@QMetaObject@@HPEAPEAX@Z (REF 0001: ?qt_metacall@QOAuthOobReplyHandler@@UEAAHW4Call@QMetaObject@@HPEAPEAX@Z)
