40534883EC:
  2048:
    8B:
      D9E8........4883631000488D05........488903488BC3:
        0. 06 59CA 0026 0000:??0QTgaHandler@@QEAA@XZ
      DA4183C8FF488BCB488D15........E8........488BC348:
        0. 05 28D1 0025 0000:?name@QTgaHandler@@UEBA?AVQByteArray@@XZ
    8D05........488BD9488901F6C201740ABA08000000E8:
      0. 00 0000 002B 0000:??_GTga24Reader@@UEAAPEAXI@Z
      1. 00 0000 002B 0000:??_GTga32Reader@@UEAAPEAXI@Z
      2. 00 0000 002B 0000:??_GTgaReader@@UEAAPEAXI@Z
      3. 00 0000 002B 0000:??_GTga16Reader@@UEAAPEAXI@Z
  30488BDA488D5424:
    20488BCBE8........84C07442488D54245848:
      0. 03 C2A6 0064 0000:??RTga24Reader@@UEBAIPEAVQIODevice@@@Z
    21488BCBE8........84C07458488D54242048:
      0. 03 C2A6 007A 0000:??RTga32Reader@@UEBAIPEAVQIODevice@@@Z
48:
  83EC28488B:
    0D........4885C9741D83C8FFF00FC10183F8017511488B0D:
      0. 00 0000 0032 (l)0000:??__F_instance@?1??qt_plugin_instance_QTgaPlugin@@YAPEAVQObject@@XZ@YAXXZ
    11833A007411833AFF741D83C8FFF00FC10283F8017511488B09:
      0. 0A 7FD3 0033 0000:??1QTgaFile@@QEAA@XZ
  895C24:
    08:
      4889742410:
        48897C241841564883EC20488BFA498BC9488D15:
          0. 00 0000 0087 0000:?capabilities@QTgaPlugin@@UEBA?AV?$QFlags@W4Capability@QImageIOPlugin@@@@PEAVQIODevice@@AEBVQByteArray@@@Z
        574883EC:
          20B918000000498BF0488BFAE8........48:
            0. 03 AA8C 0053 0000:?create@QTgaPlugin@@UEBAPEAVQImageIOHandler@@PEAVQIODevice@@AEBVQByteArray@@@Z
          40488B01488BF2488BD9FF501084C0743548:
            0. 09 D4F1 0064 0000:?read@QTgaHandler@@UEAA_NPEAVQImage@@@Z
      574883EC20:
        488B:
          7910488D05........488901488BD94885FF7415:
            0. 04 DF08 0047 0000:??1QTgaHandler@@UEAA@XZ
          DA488BF9:
            4585C07543488B01FF501084C0745548:
              0. 32 CF1B 008D 0000:?option@QTgaHandler@@UEBA?AVQVariant@@W4ImageOption@QImageIOHandler@@@Z
            4885D2750433C0EB23488D15:
              0. 04 BF6F 0047 0000:?qt_metacast@QTgaPlugin@@UEAAPEAXPEBD@Z
          FA488D542440488BCFE8........33DB84C0745D:
            0. 09 07BE 008A 0000:??RTga16Reader@@UEBAIPEAVQIODevice@@@Z
        65488B0425580000008B0D........41B8........48:
          0. 09 8104 0105 (l)0000:?qt_plugin_instance_QTgaPlugin@@YAPEAVQObject@@XZ
        8BDA488BF9E8........F6C301740DBA:
          10000000488B:
            0. 02 632D 0034 0000:??_GQTgaPlugin@@UEAAPEAXI@Z
          18000000488B:
            0. 02 632D 0034 0000:??_GQTgaHandler@@UEAAPEAXI@Z
          20000000488B:
            0. 02 632D 0034 0000:??_GQImage@@UEAAPEAXI@Z
    10:
      48896C241856574155415641574883EC40488B01488BF2488BF983:
        0. 09 5D15 0215 0000:?readImage@QTgaFile@@QEAA?AVQImage@@XZ
      574883EC204883791000488BF97524B928000000E8........488B:
        0. 05 64C2 00A5 0000:?canRead@QTgaHandler@@UEBA_NXZ
    18488974242055574156488D6C24B94881ECB0000000488B05:
      0. 00 0000 0521 0000:??0QTgaFile@@QEAA@PEAVQIODevice@@@Z
  8B490848837928000F85........488D05........C3:
    0. 00 0000 0017 0000:?metaObject@QTgaPlugin@@UEBAPEBUQMetaObject@@XZ
  8D05........:
    488901:
      488D05........48894108488BC1C3:
        0. 00 0000 0019 0000:?qt_static_plugin_QTgaPlugin@@YA?BUQStaticPlugin@@XZ
      C3:
        0. 00 0000 000B 0000:??1TgaReader@@UEAA@XZ (REF 0003: ??_7TgaReader@@6B@)
    C3:
      0. 00 0000 0008 (l)0000:?qt_plugin_query_metadata_QTgaPlugin@@YAPEBDXZ (REF 0003: ?qt_pluginMetaData@@3QBEB)
4C8BDC49895B1049897318574883EC50488B05........4833C4488944244848:
  0. 0E 77CD 00C3 0000:?canRead@QTgaHandler@@SA_NPEAVQIODevice@@@Z
83FA0E7710B8214000000FA3D07306B801000000C333C0C3:
  0. 00 0000 0018 0000:?supportsOption@QTgaHandler@@UEBA_NW4ImageOption@QImageIOHandler@@@Z
E9:
  0. 00 0000 0005 0000:?qt_metacall@QTgaPlugin@@UEAAHW4Call@QMetaObject@@HPEAPEAX@Z (REF 0001: ?qt_metacall@QImageIOPlugin@@UEAAHW4Call@QMetaObject@@HPEAPEAX@Z)
